------------------------------------------------------------------------------------------------------------------------

[2026-01-15 12:35:56 #1 store] 
Database '/Users/enriquepinazomoreno/Documents/IGN_IFM_UGR-25_26/PrimerSemestre/DDSI/2-Seminarios/DDSI_EquipoA/P4/OODB/oodb.odb' is opened by 99130@MacBook-Air-de-Enrique.local

[2026-01-15 12:35:56 #2 store] 
Configuration path: ?

[2026-01-15 12:35:56 #3 type] 
Type Persona is not enhanced.

[2026-01-15 12:35:56 #4 type] 
Type Stock is not enhanced.

[2026-01-15 12:35:56 #5 type] 
Type Pedido is not enhanced.

[2026-01-15 12:35:56 #6 store] 
Database '/Users/enriquepinazomoreno/Documents/IGN_IFM_UGR-25_26/PrimerSemestre/DDSI/2-Seminarios/DDSI_EquipoA/P4/OODB/oodb.odb' is closed by 99130@MacBook-Air-de-Enrique.local

------------------------------------------------------------------------------------------------------------------------

[2026-01-15 12:36:49 #1 store] 
Database '/Users/enriquepinazomoreno/Documents/IGN_IFM_UGR-25_26/PrimerSemestre/DDSI/2-Seminarios/DDSI_EquipoA/P4/OODB/oodb.odb' is opened by 99913@MacBook-Air-de-Enrique.local

[2026-01-15 12:36:49 #2 store] 
Configuration path: ?

[2026-01-15 12:36:49 #3 type] 
Type Persona is not enhanced.

[2026-01-15 12:36:49 #4 type] 
Type Stock is not enhanced.

[2026-01-15 12:36:49 #5 type] 
Type Pedido is not enhanced.

[2026-01-15 12:36:49 #6 store] 
Database '/Users/enriquepinazomoreno/Documents/IGN_IFM_UGR-25_26/PrimerSemestre/DDSI/2-Seminarios/DDSI_EquipoA/P4/OODB/oodb.odb' is closed by 99913@MacBook-Air-de-Enrique.local

------------------------------------------------------------------------------------------------------------------------

[2026-01-15 12:37:36 #1 store] 
Database '/Users/enriquepinazomoreno/Documents/IGN_IFM_UGR-25_26/PrimerSemestre/DDSI/2-Seminarios/DDSI_EquipoA/P4/OODB/oodb.odb' is opened by 761@MacBook-Air-de-Enrique.local

[2026-01-15 12:37:36 #2 store] 
Configuration path: ?

[2026-01-15 12:37:36 #3 type] 
Type Persona is not enhanced.

[2026-01-15 12:37:36 #4 type] 
Type Stock is not enhanced.

[2026-01-15 12:37:36 #5 type] 
Type Pedido is not enhanced.

------------------------------------------------------------------------------------------------------------------------

[2026-01-15 12:40:44 #1 store] 
Database '/Users/enriquepinazomoreno/Documents/IGN_IFM_UGR-25_26/PrimerSemestre/DDSI/2-Seminarios/DDSI_EquipoA/P4/OODB/oodb.odb' has been recovered (tr. 1-7)

[2026-01-15 12:40:44 #2 store] 
Database '/Users/enriquepinazomoreno/Documents/IGN_IFM_UGR-25_26/PrimerSemestre/DDSI/2-Seminarios/DDSI_EquipoA/P4/OODB/oodb.odb' is opened by 1581@MacBook-Air-de-Enrique.local

[2026-01-15 12:40:44 #3 store] 
Configuration path: ?

[2026-01-15 12:40:44 #4 type] 
Type Persona is not enhanced.

[2026-01-15 12:40:44 #5 type] 
Type Stock is not enhanced.

[2026-01-15 12:40:44 #6 type] 
Type Pedido is not enhanced.

[2026-01-15 12:40:45 #7 store] 
Database '/Users/enriquepinazomoreno/Documents/IGN_IFM_UGR-25_26/PrimerSemestre/DDSI/2-Seminarios/DDSI_EquipoA/P4/OODB/oodb.odb' is closed by 1581@MacBook-Air-de-Enrique.local

------------------------------------------------------------------------------------------------------------------------

[2026-01-15 12:41:06 #1 store] 
Database '/Users/enriquepinazomoreno/Documents/IGN_IFM_UGR-25_26/PrimerSemestre/DDSI/2-Seminarios/DDSI_EquipoA/P4/OODB/oodb.odb' is opened by 2025@MacBook-Air-de-Enrique.local

[2026-01-15 12:41:06 #2 store] 
Configuration path: ?

[2026-01-15 12:41:06 #3 type] 
Type Persona is not enhanced.

[2026-01-15 12:41:06 #4 type] 
Type Stock is not enhanced.

[2026-01-15 12:41:06 #5 type] 
Type Pedido is not enhanced.

[2026-01-15 12:41:06 #6 store] 
Database '/Users/enriquepinazomoreno/Documents/IGN_IFM_UGR-25_26/PrimerSemestre/DDSI/2-Seminarios/DDSI_EquipoA/P4/OODB/oodb.odb' is closed by 2025@MacBook-Air-de-Enrique.local

------------------------------------------------------------------------------------------------------------------------

[2026-01-15 12:41:55 #1 store] 
Database '/Users/enriquepinazomoreno/Documents/IGN_IFM_UGR-25_26/PrimerSemestre/DDSI/2-Seminarios/DDSI_EquipoA/P4/OODB/oodb.odb' is opened by 2484@MacBook-Air-de-Enrique.local

[2026-01-15 12:41:55 #2 store] 
Configuration path: ?

[2026-01-15 12:41:55 #3 type] 
Type Persona is not enhanced.

[2026-01-15 12:41:55 #4 type] 
Type Stock is not enhanced.

[2026-01-15 12:41:55 #5 type] 
Type Pedido is not enhanced.

[2026-01-15 12:41:55 #6 store] 
Database '/Users/enriquepinazomoreno/Documents/IGN_IFM_UGR-25_26/PrimerSemestre/DDSI/2-Seminarios/DDSI_EquipoA/P4/OODB/oodb.odb' is closed by 2484@MacBook-Air-de-Enrique.local

------------------------------------------------------------------------------------------------------------------------

[2026-01-15 12:44:33 #1 store] 
Database '/Users/enriquepinazomoreno/Documents/IGN_IFM_UGR-25_26/PrimerSemestre/DDSI/2-Seminarios/DDSI_EquipoA/P4/OODB/oodb.odb' is opened by 2973@MacBook-Air-de-Enrique.local

[2026-01-15 12:44:33 #2 store] 
Configuration path: ?

[2026-01-15 12:44:33 #3 type] 
Type Persona is not enhanced.

[2026-01-15 12:44:33 #4 type] 
Type Stock is not enhanced.

[2026-01-15 12:44:33 #5 type] 
Type Pedido is not enhanced.

[2026-01-15 12:44:33 #6 store] 
Database '/Users/enriquepinazomoreno/Documents/IGN_IFM_UGR-25_26/PrimerSemestre/DDSI/2-Seminarios/DDSI_EquipoA/P4/OODB/oodb.odb' is closed by 2973@MacBook-Air-de-Enrique.local

------------------------------------------------------------------------------------------------------------------------

[2026-01-15 12:58:27 #1 store] 
Database '/Users/enriquepinazomoreno/Documents/IGN_IFM_UGR-25_26/PrimerSemestre/DDSI/2-Seminarios/DDSI_EquipoA/P4/OODB/oodb.odb' is opened by 3605@MacBook-Air-de-Enrique.local

[2026-01-15 12:58:27 #2 store] 
Configuration path: ?

[2026-01-15 12:58:27 #3 type] 
Type Persona is not enhanced.

[2026-01-15 12:58:27 #4 type] 
Type Stock is not enhanced.

[2026-01-15 12:58:27 #5 type] 
Type Pedido is not enhanced.

[2026-01-15 12:58:27 #6 store] 
Database '/Users/enriquepinazomoreno/Documents/IGN_IFM_UGR-25_26/PrimerSemestre/DDSI/2-Seminarios/DDSI_EquipoA/P4/OODB/oodb.odb' is closed by 3605@MacBook-Air-de-Enrique.local

------------------------------------------------------------------------------------------------------------------------

[2026-01-15 12:58:47 #1 store] 
Database '/Users/enriquepinazomoreno/Documents/IGN_IFM_UGR-25_26/PrimerSemestre/DDSI/2-Seminarios/DDSI_EquipoA/P4/OODB/oodb.odb' is opened by 4047@MacBook-Air-de-Enrique.local

[2026-01-15 12:58:47 #2 store] 
Configuration path: ?

[2026-01-15 12:58:47 #3 type] 
Type Persona is not enhanced.

[2026-01-15 12:58:47 #4 type] 
Type Stock is not enhanced.

[2026-01-15 12:58:47 #5 type] 
Type Pedido is not enhanced.

[2026-01-15 12:58:47 #6 store] 
Database '/Users/enriquepinazomoreno/Documents/IGN_IFM_UGR-25_26/PrimerSemestre/DDSI/2-Seminarios/DDSI_EquipoA/P4/OODB/oodb.odb' is closed by 4047@MacBook-Air-de-Enrique.local

------------------------------------------------------------------------------------------------------------------------

[2026-01-15 12:58:49 #1 store] 
Database '/Users/enriquepinazomoreno/Documents/IGN_IFM_UGR-25_26/PrimerSemestre/DDSI/2-Seminarios/DDSI_EquipoA/P4/OODB/oodb.odb' is opened by 4481@MacBook-Air-de-Enrique.local

[2026-01-15 12:58:49 #2 store] 
Configuration path: ?

[2026-01-15 12:58:49 #3 type] 
Type Persona is not enhanced.

[2026-01-15 12:58:49 #4 type] 
Type Stock is not enhanced.

[2026-01-15 12:58:49 #5 type] 
Type Pedido is not enhanced.

[2026-01-15 12:58:49 #6 store] 
Database '/Users/enriquepinazomoreno/Documents/IGN_IFM_UGR-25_26/PrimerSemestre/DDSI/2-Seminarios/DDSI_EquipoA/P4/OODB/oodb.odb' is closed by 4481@MacBook-Air-de-Enrique.local

------------------------------------------------------------------------------------------------------------------------

[2026-01-15 12:58:50 #1 store] 
Database '/Users/enriquepinazomoreno/Documents/IGN_IFM_UGR-25_26/PrimerSemestre/DDSI/2-Seminarios/DDSI_EquipoA/P4/OODB/oodb.odb' is opened by 4921@MacBook-Air-de-Enrique.local

[2026-01-15 12:58:50 #2 store] 
Configuration path: ?

[2026-01-15 12:58:50 #3 type] 
Type Persona is not enhanced.

[2026-01-15 12:58:50 #4 type] 
Type Stock is not enhanced.

[2026-01-15 12:58:50 #5 type] 
Type Pedido is not enhanced.

[2026-01-15 12:58:50 #6 store] 
Database '/Users/enriquepinazomoreno/Documents/IGN_IFM_UGR-25_26/PrimerSemestre/DDSI/2-Seminarios/DDSI_EquipoA/P4/OODB/oodb.odb' is closed by 4921@MacBook-Air-de-Enrique.local

------------------------------------------------------------------------------------------------------------------------

[2026-01-15 12:58:52 #1 store] 
Database '/Users/enriquepinazomoreno/Documents/IGN_IFM_UGR-25_26/PrimerSemestre/DDSI/2-Seminarios/DDSI_EquipoA/P4/OODB/oodb.odb' is opened by 5355@MacBook-Air-de-Enrique.local

[2026-01-15 12:58:52 #2 store] 
Configuration path: ?

[2026-01-15 12:58:52 #3 type] 
Type Persona is not enhanced.

[2026-01-15 12:58:52 #4 type] 
Type Stock is not enhanced.

[2026-01-15 12:58:52 #5 type] 
Type Pedido is not enhanced.

[2026-01-15 12:58:52 #6 store] 
Database '/Users/enriquepinazomoreno/Documents/IGN_IFM_UGR-25_26/PrimerSemestre/DDSI/2-Seminarios/DDSI_EquipoA/P4/OODB/oodb.odb' is closed by 5355@MacBook-Air-de-Enrique.local

------------------------------------------------------------------------------------------------------------------------

[2026-01-15 12:58:55 #1 store] 
Database '/Users/enriquepinazomoreno/Documents/IGN_IFM_UGR-25_26/PrimerSemestre/DDSI/2-Seminarios/DDSI_EquipoA/P4/OODB/oodb.odb' is opened by 5789@MacBook-Air-de-Enrique.local

[2026-01-15 12:58:55 #2 store] 
Configuration path: ?

[2026-01-15 12:58:55 #3 type] 
Type Persona is not enhanced.

[2026-01-15 12:58:55 #4 type] 
Type Stock is not enhanced.

[2026-01-15 12:58:55 #5 type] 
Type Pedido is not enhanced.

[2026-01-15 12:58:55 #6 store] 
Database '/Users/enriquepinazomoreno/Documents/IGN_IFM_UGR-25_26/PrimerSemestre/DDSI/2-Seminarios/DDSI_EquipoA/P4/OODB/oodb.odb' is closed by 5789@MacBook-Air-de-Enrique.local

------------------------------------------------------------------------------------------------------------------------

[2026-01-15 13:01:54 #1 store] 
Database '/Users/enriquepinazomoreno/Documents/IGN_IFM_UGR-25_26/PrimerSemestre/DDSI/2-Seminarios/DDSI_EquipoA/P4/OODB/oodb.odb' is opened by 6279@MacBook-Air-de-Enrique.local

[2026-01-15 13:01:54 #2 store] 
Configuration path: ?

[2026-01-15 13:01:54 #3 type] 
Type Persona is not enhanced.

[2026-01-15 13:01:54 #4 type] 
Type Stock is not enhanced.

[2026-01-15 13:01:54 #5 type] 
Type Pedido is not enhanced.

[2026-01-15 13:01:54 #6 store] 
Database '/Users/enriquepinazomoreno/Documents/IGN_IFM_UGR-25_26/PrimerSemestre/DDSI/2-Seminarios/DDSI_EquipoA/P4/OODB/oodb.odb' is closed by 6279@MacBook-Air-de-Enrique.local

------------------------------------------------------------------------------------------------------------------------

[2026-01-15 13:02:10 #1 store] 
Database '/Users/enriquepinazomoreno/Documents/IGN_IFM_UGR-25_26/PrimerSemestre/DDSI/2-Seminarios/DDSI_EquipoA/P4/OODB/oodb.odb' is opened by 6865@MacBook-Air-de-Enrique.local

[2026-01-15 13:02:10 #2 store] 
Configuration path: ?

[2026-01-15 13:02:10 #3 type] 
Type Persona is not enhanced.

[2026-01-15 13:02:10 #4 type] 
Type Stock is not enhanced.

[2026-01-15 13:02:10 #5 type] 
Type Pedido is not enhanced.

[2026-01-15 13:02:10 #6 store] 
Database '/Users/enriquepinazomoreno/Documents/IGN_IFM_UGR-25_26/PrimerSemestre/DDSI/2-Seminarios/DDSI_EquipoA/P4/OODB/oodb.odb' is closed by 6865@MacBook-Air-de-Enrique.local

------------------------------------------------------------------------------------------------------------------------

[2026-01-15 13:02:12 #1 store] 
Database '/Users/enriquepinazomoreno/Documents/IGN_IFM_UGR-25_26/PrimerSemestre/DDSI/2-Seminarios/DDSI_EquipoA/P4/OODB/oodb.odb' is opened by 7297@MacBook-Air-de-Enrique.local

[2026-01-15 13:02:12 #2 store] 
Configuration path: ?

[2026-01-15 13:02:12 #3 type] 
Type Persona is not enhanced.

[2026-01-15 13:02:12 #4 type] 
Type Stock is not enhanced.

[2026-01-15 13:02:12 #5 type] 
Type Pedido is not enhanced.

[2026-01-15 13:02:12 #6 store] 
Database '/Users/enriquepinazomoreno/Documents/IGN_IFM_UGR-25_26/PrimerSemestre/DDSI/2-Seminarios/DDSI_EquipoA/P4/OODB/oodb.odb' is closed by 7297@MacBook-Air-de-Enrique.local

------------------------------------------------------------------------------------------------------------------------

[2026-01-15 13:02:47 #1 store] 
Database '/Users/enriquepinazomoreno/Documents/IGN_IFM_UGR-25_26/PrimerSemestre/DDSI/2-Seminarios/DDSI_EquipoA/P4/OODB/oodb.odb' is opened by 7888@MacBook-Air-de-Enrique.local

[2026-01-15 13:02:47 #2 store] 
Configuration path: ?

[2026-01-15 13:02:47 #3 type] 
Type Persona is not enhanced.

[2026-01-15 13:02:47 #4 type] 
Type Stock is not enhanced.

[2026-01-15 13:02:47 #5 type] 
Type Pedido is not enhanced.

[2026-01-15 13:02:47 #6 store] 
Database '/Users/enriquepinazomoreno/Documents/IGN_IFM_UGR-25_26/PrimerSemestre/DDSI/2-Seminarios/DDSI_EquipoA/P4/OODB/oodb.odb' is closed by 7888@MacBook-Air-de-Enrique.local

------------------------------------------------------------------------------------------------------------------------

[2026-01-15 13:02:50 #1 store] 
Database '/Users/enriquepinazomoreno/Documents/IGN_IFM_UGR-25_26/PrimerSemestre/DDSI/2-Seminarios/DDSI_EquipoA/P4/OODB/oodb.odb' is opened by 8321@MacBook-Air-de-Enrique.local

[2026-01-15 13:02:50 #2 store] 
Configuration path: ?

[2026-01-15 13:02:50 #3 type] 
Type Persona is not enhanced.

[2026-01-15 13:02:50 #4 type] 
Type Stock is not enhanced.

[2026-01-15 13:02:50 #5 type] 
Type Pedido is not enhanced.

[2026-01-15 13:02:50 #6 store] 
Database '/Users/enriquepinazomoreno/Documents/IGN_IFM_UGR-25_26/PrimerSemestre/DDSI/2-Seminarios/DDSI_EquipoA/P4/OODB/oodb.odb' is closed by 8321@MacBook-Air-de-Enrique.local

------------------------------------------------------------------------------------------------------------------------

[2026-01-15 13:02:51 #1 store] 
Database '/Users/enriquepinazomoreno/Documents/IGN_IFM_UGR-25_26/PrimerSemestre/DDSI/2-Seminarios/DDSI_EquipoA/P4/OODB/oodb.odb' is opened by 8751@MacBook-Air-de-Enrique.local

[2026-01-15 13:02:51 #2 store] 
Configuration path: ?

[2026-01-15 13:02:51 #3 type] 
Type Persona is not enhanced.

[2026-01-15 13:02:51 #4 type] 
Type Stock is not enhanced.

[2026-01-15 13:02:51 #5 type] 
Type Pedido is not enhanced.

[2026-01-15 13:02:51 #6 store] 
Database '/Users/enriquepinazomoreno/Documents/IGN_IFM_UGR-25_26/PrimerSemestre/DDSI/2-Seminarios/DDSI_EquipoA/P4/OODB/oodb.odb' is closed by 8751@MacBook-Air-de-Enrique.local

------------------------------------------------------------------------------------------------------------------------

[2026-01-15 13:02:52 #1 store] 
Database '/Users/enriquepinazomoreno/Documents/IGN_IFM_UGR-25_26/PrimerSemestre/DDSI/2-Seminarios/DDSI_EquipoA/P4/OODB/oodb.odb' is opened by 9182@MacBook-Air-de-Enrique.local

[2026-01-15 13:02:52 #2 store] 
Configuration path: ?

[2026-01-15 13:02:52 #3 type] 
Type Persona is not enhanced.

[2026-01-15 13:02:52 #4 type] 
Type Stock is not enhanced.

[2026-01-15 13:02:52 #5 type] 
Type Pedido is not enhanced.

[2026-01-15 13:02:52 #6 store] 
Database '/Users/enriquepinazomoreno/Documents/IGN_IFM_UGR-25_26/PrimerSemestre/DDSI/2-Seminarios/DDSI_EquipoA/P4/OODB/oodb.odb' is closed by 9182@MacBook-Air-de-Enrique.local

------------------------------------------------------------------------------------------------------------------------

[2026-01-15 13:02:53 #1 store] 
Database '/Users/enriquepinazomoreno/Documents/IGN_IFM_UGR-25_26/PrimerSemestre/DDSI/2-Seminarios/DDSI_EquipoA/P4/OODB/oodb.odb' is opened by 9612@MacBook-Air-de-Enrique.local

[2026-01-15 13:02:53 #2 store] 
Configuration path: ?

[2026-01-15 13:02:53 #3 type] 
Type Persona is not enhanced.

[2026-01-15 13:02:53 #4 type] 
Type Stock is not enhanced.

[2026-01-15 13:02:53 #5 type] 
Type Pedido is not enhanced.

[2026-01-15 13:02:53 #6 store] 
Database '/Users/enriquepinazomoreno/Documents/IGN_IFM_UGR-25_26/PrimerSemestre/DDSI/2-Seminarios/DDSI_EquipoA/P4/OODB/oodb.odb' is closed by 9612@MacBook-Air-de-Enrique.local

------------------------------------------------------------------------------------------------------------------------

[2026-01-15 13:02:54 #1 store] 
Database '/Users/enriquepinazomoreno/Documents/IGN_IFM_UGR-25_26/PrimerSemestre/DDSI/2-Seminarios/DDSI_EquipoA/P4/OODB/oodb.odb' is opened by 10042@MacBook-Air-de-Enrique.local

[2026-01-15 13:02:54 #2 store] 
Configuration path: ?

[2026-01-15 13:02:54 #3 type] 
Type Persona is not enhanced.

[2026-01-15 13:02:54 #4 type] 
Type Stock is not enhanced.

[2026-01-15 13:02:54 #5 type] 
Type Pedido is not enhanced.

[2026-01-15 13:02:54 #6 store] 
Database '/Users/enriquepinazomoreno/Documents/IGN_IFM_UGR-25_26/PrimerSemestre/DDSI/2-Seminarios/DDSI_EquipoA/P4/OODB/oodb.odb' is closed by 10042@MacBook-Air-de-Enrique.local

------------------------------------------------------------------------------------------------------------------------

[2026-01-15 13:02:55 #1 store] 
Database '/Users/enriquepinazomoreno/Documents/IGN_IFM_UGR-25_26/PrimerSemestre/DDSI/2-Seminarios/DDSI_EquipoA/P4/OODB/oodb.odb' is opened by 10474@MacBook-Air-de-Enrique.local

[2026-01-15 13:02:55 #2 store] 
Configuration path: ?

[2026-01-15 13:02:55 #3 type] 
Type Persona is not enhanced.

[2026-01-15 13:02:55 #4 type] 
Type Stock is not enhanced.

[2026-01-15 13:02:55 #5 type] 
Type Pedido is not enhanced.

[2026-01-15 13:02:55 #6 store] 
Database '/Users/enriquepinazomoreno/Documents/IGN_IFM_UGR-25_26/PrimerSemestre/DDSI/2-Seminarios/DDSI_EquipoA/P4/OODB/oodb.odb' is closed by 10474@MacBook-Air-de-Enrique.local

------------------------------------------------------------------------------------------------------------------------

[2026-01-15 13:02:56 #1 store] 
Database '/Users/enriquepinazomoreno/Documents/IGN_IFM_UGR-25_26/PrimerSemestre/DDSI/2-Seminarios/DDSI_EquipoA/P4/OODB/oodb.odb' is opened by 10904@MacBook-Air-de-Enrique.local

[2026-01-15 13:02:56 #2 store] 
Configuration path: ?

[2026-01-15 13:02:56 #3 type] 
Type Persona is not enhanced.

[2026-01-15 13:02:56 #4 type] 
Type Stock is not enhanced.

[2026-01-15 13:02:56 #5 type] 
Type Pedido is not enhanced.

[2026-01-15 13:02:56 #6 store] 
Database '/Users/enriquepinazomoreno/Documents/IGN_IFM_UGR-25_26/PrimerSemestre/DDSI/2-Seminarios/DDSI_EquipoA/P4/OODB/oodb.odb' is closed by 10904@MacBook-Air-de-Enrique.local

------------------------------------------------------------------------------------------------------------------------

[2026-01-15 13:02:57 #1 store] 
Database '/Users/enriquepinazomoreno/Documents/IGN_IFM_UGR-25_26/PrimerSemestre/DDSI/2-Seminarios/DDSI_EquipoA/P4/OODB/oodb.odb' is opened by 11334@MacBook-Air-de-Enrique.local

[2026-01-15 13:02:57 #2 store] 
Configuration path: ?

[2026-01-15 13:02:57 #3 type] 
Type Persona is not enhanced.

[2026-01-15 13:02:57 #4 type] 
Type Stock is not enhanced.

[2026-01-15 13:02:57 #5 type] 
Type Pedido is not enhanced.

[2026-01-15 13:02:57 #6 store] 
Database '/Users/enriquepinazomoreno/Documents/IGN_IFM_UGR-25_26/PrimerSemestre/DDSI/2-Seminarios/DDSI_EquipoA/P4/OODB/oodb.odb' is closed by 11334@MacBook-Air-de-Enrique.local

------------------------------------------------------------------------------------------------------------------------

[2026-01-15 13:02:58 #1 store] 
Database '/Users/enriquepinazomoreno/Documents/IGN_IFM_UGR-25_26/PrimerSemestre/DDSI/2-Seminarios/DDSI_EquipoA/P4/OODB/oodb.odb' is opened by 11765@MacBook-Air-de-Enrique.local

[2026-01-15 13:02:58 #2 store] 
Configuration path: ?

[2026-01-15 13:02:58 #3 type] 
Type Persona is not enhanced.

[2026-01-15 13:02:58 #4 type] 
Type Stock is not enhanced.

[2026-01-15 13:02:58 #5 type] 
Type Pedido is not enhanced.

[2026-01-15 13:02:58 #6 store] 
Database '/Users/enriquepinazomoreno/Documents/IGN_IFM_UGR-25_26/PrimerSemestre/DDSI/2-Seminarios/DDSI_EquipoA/P4/OODB/oodb.odb' is closed by 11765@MacBook-Air-de-Enrique.local

------------------------------------------------------------------------------------------------------------------------

[2026-01-15 13:02:59 #1 store] 
Database '/Users/enriquepinazomoreno/Documents/IGN_IFM_UGR-25_26/PrimerSemestre/DDSI/2-Seminarios/DDSI_EquipoA/P4/OODB/oodb.odb' is opened by 12197@MacBook-Air-de-Enrique.local

[2026-01-15 13:02:59 #2 store] 
Configuration path: ?

[2026-01-15 13:02:59 #3 type] 
Type Persona is not enhanced.

[2026-01-15 13:02:59 #4 type] 
Type Stock is not enhanced.

[2026-01-15 13:02:59 #5 type] 
Type Pedido is not enhanced.

[2026-01-15 13:02:59 #6 store] 
Database '/Users/enriquepinazomoreno/Documents/IGN_IFM_UGR-25_26/PrimerSemestre/DDSI/2-Seminarios/DDSI_EquipoA/P4/OODB/oodb.odb' is closed by 12197@MacBook-Air-de-Enrique.local

------------------------------------------------------------------------------------------------------------------------

[2026-01-15 13:03:19 #1 store] 
Database '/Users/enriquepinazomoreno/Documents/IGN_IFM_UGR-25_26/PrimerSemestre/DDSI/2-Seminarios/DDSI_EquipoA/P4/OODB/oodb.odb' is opened by 12639@MacBook-Air-de-Enrique.local

[2026-01-15 13:03:19 #2 store] 
Configuration path: ?

[2026-01-15 13:03:19 #3 type] 
Type Persona is not enhanced.

[2026-01-15 13:03:19 #4 type] 
Type Stock is not enhanced.

[2026-01-15 13:03:19 #5 type] 
Type Pedido is not enhanced.

[2026-01-15 13:03:19 #6 store] 
Database '/Users/enriquepinazomoreno/Documents/IGN_IFM_UGR-25_26/PrimerSemestre/DDSI/2-Seminarios/DDSI_EquipoA/P4/OODB/oodb.odb' is closed by 12639@MacBook-Air-de-Enrique.local

------------------------------------------------------------------------------------------------------------------------

[2026-01-15 13:03:25 #1 store] 
Database '/Users/enriquepinazomoreno/Documents/IGN_IFM_UGR-25_26/PrimerSemestre/DDSI/2-Seminarios/DDSI_EquipoA/P4/OODB/oodb.odb' is opened by 13072@MacBook-Air-de-Enrique.local

[2026-01-15 13:03:25 #2 store] 
Configuration path: ?

[2026-01-15 13:03:25 #3 type] 
Type Persona is not enhanced.

[2026-01-15 13:03:25 #4 type] 
Type Stock is not enhanced.

[2026-01-15 13:03:25 #5 type] 
Type Pedido is not enhanced.

[2026-01-15 13:03:25 #6 store] 
Database '/Users/enriquepinazomoreno/Documents/IGN_IFM_UGR-25_26/PrimerSemestre/DDSI/2-Seminarios/DDSI_EquipoA/P4/OODB/oodb.odb' is closed by 13072@MacBook-Air-de-Enrique.local

------------------------------------------------------------------------------------------------------------------------

[2026-01-15 13:03:30 #1 store] 
Database '/Users/enriquepinazomoreno/Documents/IGN_IFM_UGR-25_26/PrimerSemestre/DDSI/2-Seminarios/DDSI_EquipoA/P4/OODB/oodb.odb' is opened by 13505@MacBook-Air-de-Enrique.local

[2026-01-15 13:03:30 #2 store] 
Configuration path: ?

[2026-01-15 13:03:30 #3 type] 
Type Persona is not enhanced.

[2026-01-15 13:03:30 #4 type] 
Type Stock is not enhanced.

[2026-01-15 13:03:30 #5 type] 
Type Pedido is not enhanced.

[2026-01-15 13:03:30 #6 store] 
Database '/Users/enriquepinazomoreno/Documents/IGN_IFM_UGR-25_26/PrimerSemestre/DDSI/2-Seminarios/DDSI_EquipoA/P4/OODB/oodb.odb' is closed by 13505@MacBook-Air-de-Enrique.local

------------------------------------------------------------------------------------------------------------------------

[2026-01-15 13:03:35 #1 store] 
Database '/Users/enriquepinazomoreno/Documents/IGN_IFM_UGR-25_26/PrimerSemestre/DDSI/2-Seminarios/DDSI_EquipoA/P4/OODB/oodb.odb' is opened by 13938@MacBook-Air-de-Enrique.local

[2026-01-15 13:03:35 #2 store] 
Configuration path: ?

[2026-01-15 13:03:35 #3 type] 
Type Persona is not enhanced.

[2026-01-15 13:03:35 #4 type] 
Type Stock is not enhanced.

[2026-01-15 13:03:35 #5 type] 
Type Pedido is not enhanced.

[2026-01-15 13:03:35 #6 store] 
Database '/Users/enriquepinazomoreno/Documents/IGN_IFM_UGR-25_26/PrimerSemestre/DDSI/2-Seminarios/DDSI_EquipoA/P4/OODB/oodb.odb' is closed by 13938@MacBook-Air-de-Enrique.local

------------------------------------------------------------------------------------------------------------------------

[2026-01-15 13:03:39 #1 store] 
Database '/Users/enriquepinazomoreno/Documents/IGN_IFM_UGR-25_26/PrimerSemestre/DDSI/2-Seminarios/DDSI_EquipoA/P4/OODB/oodb.odb' is opened by 14711@MacBook-Air-de-Enrique.local

[2026-01-15 13:03:39 #2 store] 
Configuration path: ?

[2026-01-15 13:03:39 #3 type] 
Type Persona is not enhanced.

[2026-01-15 13:03:39 #4 type] 
Type Stock is not enhanced.

[2026-01-15 13:03:39 #5 type] 
Type Pedido is not enhanced.

[2026-01-15 13:03:39 #6 store] 
Database '/Users/enriquepinazomoreno/Documents/IGN_IFM_UGR-25_26/PrimerSemestre/DDSI/2-Seminarios/DDSI_EquipoA/P4/OODB/oodb.odb' is closed by 14711@MacBook-Air-de-Enrique.local

------------------------------------------------------------------------------------------------------------------------

[2026-01-15 13:03:41 #1 store] 
Database '/Users/enriquepinazomoreno/Documents/IGN_IFM_UGR-25_26/PrimerSemestre/DDSI/2-Seminarios/DDSI_EquipoA/P4/OODB/oodb.odb' is opened by 15143@MacBook-Air-de-Enrique.local

[2026-01-15 13:03:41 #2 store] 
Configuration path: ?

[2026-01-15 13:03:41 #3 type] 
Type Persona is not enhanced.

[2026-01-15 13:03:41 #4 type] 
Type Stock is not enhanced.

[2026-01-15 13:03:41 #5 type] 
Type Pedido is not enhanced.

[2026-01-15 13:03:41 #6 store] 
Database '/Users/enriquepinazomoreno/Documents/IGN_IFM_UGR-25_26/PrimerSemestre/DDSI/2-Seminarios/DDSI_EquipoA/P4/OODB/oodb.odb' is closed by 15143@MacBook-Air-de-Enrique.local

------------------------------------------------------------------------------------------------------------------------

[2026-01-15 13:03:52 #1 store] 
Database '/Users/enriquepinazomoreno/Documents/IGN_IFM_UGR-25_26/PrimerSemestre/DDSI/2-Seminarios/DDSI_EquipoA/P4/OODB/oodb.odb' is opened by 15584@MacBook-Air-de-Enrique.local

[2026-01-15 13:03:52 #2 store] 
Configuration path: ?

[2026-01-15 13:03:52 #3 type] 
Type Persona is not enhanced.

[2026-01-15 13:03:52 #4 type] 
Type Stock is not enhanced.

[2026-01-15 13:03:52 #5 type] 
Type Pedido is not enhanced.

[2026-01-15 13:03:52 #6 store] 
Database '/Users/enriquepinazomoreno/Documents/IGN_IFM_UGR-25_26/PrimerSemestre/DDSI/2-Seminarios/DDSI_EquipoA/P4/OODB/oodb.odb' is closed by 15584@MacBook-Air-de-Enrique.local

------------------------------------------------------------------------------------------------------------------------

[2026-01-15 13:04:06 #1 store] 
Database '/Users/enriquepinazomoreno/Documents/IGN_IFM_UGR-25_26/PrimerSemestre/DDSI/2-Seminarios/DDSI_EquipoA/P4/OODB/oodb.odb' is opened by 16166@MacBook-Air-de-Enrique.local

[2026-01-15 13:04:06 #2 store] 
Configuration path: ?

[2026-01-15 13:04:06 #3 type] 
Type Persona is not enhanced.

[2026-01-15 13:04:06 #4 type] 
Type Stock is not enhanced.

[2026-01-15 13:04:06 #5 type] 
Type Pedido is not enhanced.

[2026-01-15 13:04:06 #6 store] 
Database '/Users/enriquepinazomoreno/Documents/IGN_IFM_UGR-25_26/PrimerSemestre/DDSI/2-Seminarios/DDSI_EquipoA/P4/OODB/oodb.odb' is closed by 16166@MacBook-Air-de-Enrique.local

------------------------------------------------------------------------------------------------------------------------

[2026-01-15 13:05:29 #1 store] 
Database '/Users/enriquepinazomoreno/Documents/IGN_IFM_UGR-25_26/PrimerSemestre/DDSI/2-Seminarios/DDSI_EquipoA/P4/OODB/oodb.odb' is opened by 16876@MacBook-Air-de-Enrique.local

[2026-01-15 13:05:29 #2 store] 
Configuration path: ?

[2026-01-15 13:05:29 #3 type] 
Type Persona is not enhanced.

[2026-01-15 13:05:29 #4 type] 
Type Stock is not enhanced.

[2026-01-15 13:05:29 #5 type] 
Type Pedido is not enhanced.

[2026-01-15 13:05:29 #6 store] 
Database '/Users/enriquepinazomoreno/Documents/IGN_IFM_UGR-25_26/PrimerSemestre/DDSI/2-Seminarios/DDSI_EquipoA/P4/OODB/oodb.odb' is closed by 16876@MacBook-Air-de-Enrique.local

------------------------------------------------------------------------------------------------------------------------

[2026-01-15 13:05:48 #1 store] 
Database '/Users/enriquepinazomoreno/Documents/IGN_IFM_UGR-25_26/PrimerSemestre/DDSI/2-Seminarios/DDSI_EquipoA/P4/OODB/oodb.odb' is opened by 17871@MacBook-Air-de-Enrique.local

[2026-01-15 13:05:48 #2 store] 
Configuration path: ?

[2026-01-15 13:05:48 #3 type] 
Type Persona is not enhanced.

[2026-01-15 13:05:48 #4 type] 
Type Stock is not enhanced.

[2026-01-15 13:05:48 #5 type] 
Type Pedido is not enhanced.

[2026-01-15 13:05:48 #6 store] 
Database '/Users/enriquepinazomoreno/Documents/IGN_IFM_UGR-25_26/PrimerSemestre/DDSI/2-Seminarios/DDSI_EquipoA/P4/OODB/oodb.odb' is closed by 17871@MacBook-Air-de-Enrique.local

------------------------------------------------------------------------------------------------------------------------

[2026-01-15 13:05:55 #1 store] 
Database '/Users/enriquepinazomoreno/Documents/IGN_IFM_UGR-25_26/PrimerSemestre/DDSI/2-Seminarios/DDSI_EquipoA/P4/OODB/oodb.odb' is opened by 18316@MacBook-Air-de-Enrique.local

[2026-01-15 13:05:55 #2 store] 
Configuration path: ?

[2026-01-15 13:05:55 #3 type] 
Type Persona is not enhanced.

[2026-01-15 13:05:55 #4 type] 
Type Stock is not enhanced.

[2026-01-15 13:05:55 #5 type] 
Type Pedido is not enhanced.

[2026-01-15 13:05:55 #6 store] 
Database '/Users/enriquepinazomoreno/Documents/IGN_IFM_UGR-25_26/PrimerSemestre/DDSI/2-Seminarios/DDSI_EquipoA/P4/OODB/oodb.odb' is closed by 18316@MacBook-Air-de-Enrique.local

------------------------------------------------------------------------------------------------------------------------

[2026-01-15 13:06:17 #1 store] 
Database '/Users/enriquepinazomoreno/Documents/IGN_IFM_UGR-25_26/PrimerSemestre/DDSI/2-Seminarios/DDSI_EquipoA/P4/OODB/oodb.odb' is opened by 19246@MacBook-Air-de-Enrique.local

[2026-01-15 13:06:17 #2 store] 
Configuration path: ?

[2026-01-15 13:06:17 #3 type] 
Type Persona is not enhanced.

[2026-01-15 13:06:17 #4 type] 
Type Stock is not enhanced.

[2026-01-15 13:06:17 #5 type] 
Type Pedido is not enhanced.

[2026-01-15 13:06:17 #6 store] 
Database '/Users/enriquepinazomoreno/Documents/IGN_IFM_UGR-25_26/PrimerSemestre/DDSI/2-Seminarios/DDSI_EquipoA/P4/OODB/oodb.odb' is closed by 19246@MacBook-Air-de-Enrique.local

------------------------------------------------------------------------------------------------------------------------

[2026-01-15 13:06:19 #1 store] 
Database '/Users/enriquepinazomoreno/Documents/IGN_IFM_UGR-25_26/PrimerSemestre/DDSI/2-Seminarios/DDSI_EquipoA/P4/OODB/oodb.odb' is opened by 19683@MacBook-Air-de-Enrique.local

[2026-01-15 13:06:19 #2 store] 
Configuration path: ?

[2026-01-15 13:06:19 #3 type] 
Type Persona is not enhanced.

[2026-01-15 13:06:19 #4 type] 
Type Stock is not enhanced.

[2026-01-15 13:06:19 #5 type] 
Type Pedido is not enhanced.

[2026-01-15 13:06:19 #6 store] 
Database '/Users/enriquepinazomoreno/Documents/IGN_IFM_UGR-25_26/PrimerSemestre/DDSI/2-Seminarios/DDSI_EquipoA/P4/OODB/oodb.odb' is closed by 19683@MacBook-Air-de-Enrique.local

------------------------------------------------------------------------------------------------------------------------

[2026-01-15 13:06:23 #1 store] 
Database '/Users/enriquepinazomoreno/Documents/IGN_IFM_UGR-25_26/PrimerSemestre/DDSI/2-Seminarios/DDSI_EquipoA/P4/OODB/oodb.odb' is opened by 20118@MacBook-Air-de-Enrique.local

[2026-01-15 13:06:23 #2 store] 
Configuration path: ?

[2026-01-15 13:06:23 #3 type] 
Type Persona is not enhanced.

[2026-01-15 13:06:23 #4 type] 
Type Stock is not enhanced.

[2026-01-15 13:06:23 #5 type] 
Type Pedido is not enhanced.

[2026-01-15 13:06:23 #6 store] 
Database '/Users/enriquepinazomoreno/Documents/IGN_IFM_UGR-25_26/PrimerSemestre/DDSI/2-Seminarios/DDSI_EquipoA/P4/OODB/oodb.odb' is closed by 20118@MacBook-Air-de-Enrique.local

------------------------------------------------------------------------------------------------------------------------

[2026-01-15 13:06:25 #1 store] 
Database '/Users/enriquepinazomoreno/Documents/IGN_IFM_UGR-25_26/PrimerSemestre/DDSI/2-Seminarios/DDSI_EquipoA/P4/OODB/oodb.odb' is opened by 20551@MacBook-Air-de-Enrique.local

[2026-01-15 13:06:25 #2 store] 
Configuration path: ?

[2026-01-15 13:06:25 #3 type] 
Type Persona is not enhanced.

[2026-01-15 13:06:25 #4 type] 
Type Stock is not enhanced.

[2026-01-15 13:06:25 #5 type] 
Type Pedido is not enhanced.

[2026-01-15 13:06:25 #6 store] 
Database '/Users/enriquepinazomoreno/Documents/IGN_IFM_UGR-25_26/PrimerSemestre/DDSI/2-Seminarios/DDSI_EquipoA/P4/OODB/oodb.odb' is closed by 20551@MacBook-Air-de-Enrique.local

------------------------------------------------------------------------------------------------------------------------

[2026-01-15 13:06:35 #1 store] 
Database '/Users/enriquepinazomoreno/Documents/IGN_IFM_UGR-25_26/PrimerSemestre/DDSI/2-Seminarios/DDSI_EquipoA/P4/OODB/oodb.odb' is opened by 20988@MacBook-Air-de-Enrique.local

[2026-01-15 13:06:35 #2 store] 
Configuration path: ?

[2026-01-15 13:06:35 #3 type] 
Type Persona is not enhanced.

[2026-01-15 13:06:35 #4 type] 
Type Stock is not enhanced.

[2026-01-15 13:06:35 #5 type] 
Type Pedido is not enhanced.

[2026-01-15 13:06:35 #6 store] 
Database '/Users/enriquepinazomoreno/Documents/IGN_IFM_UGR-25_26/PrimerSemestre/DDSI/2-Seminarios/DDSI_EquipoA/P4/OODB/oodb.odb' is closed by 20988@MacBook-Air-de-Enrique.local

------------------------------------------------------------------------------------------------------------------------

[2026-01-15 13:06:46 #1 store] 
Database '/Users/enriquepinazomoreno/Documents/IGN_IFM_UGR-25_26/PrimerSemestre/DDSI/2-Seminarios/DDSI_EquipoA/P4/OODB/oodb.odb' is opened by 21569@MacBook-Air-de-Enrique.local

[2026-01-15 13:06:46 #2 store] 
Configuration path: ?

[2026-01-15 13:06:46 #3 type] 
Type Persona is not enhanced.

[2026-01-15 13:06:46 #4 type] 
Type Stock is not enhanced.

[2026-01-15 13:06:46 #5 type] 
Type Pedido is not enhanced.

[2026-01-15 13:06:46 #6 store] 
Database '/Users/enriquepinazomoreno/Documents/IGN_IFM_UGR-25_26/PrimerSemestre/DDSI/2-Seminarios/DDSI_EquipoA/P4/OODB/oodb.odb' is closed by 21569@MacBook-Air-de-Enrique.local

------------------------------------------------------------------------------------------------------------------------

[2026-01-15 13:06:49 #1 store] 
Database '/Users/enriquepinazomoreno/Documents/IGN_IFM_UGR-25_26/PrimerSemestre/DDSI/2-Seminarios/DDSI_EquipoA/P4/OODB/oodb.odb' is opened by 22003@MacBook-Air-de-Enrique.local

[2026-01-15 13:06:49 #2 store] 
Configuration path: ?

[2026-01-15 13:06:49 #3 type] 
Type Persona is not enhanced.

[2026-01-15 13:06:49 #4 type] 
Type Stock is not enhanced.

[2026-01-15 13:06:49 #5 type] 
Type Pedido is not enhanced.

[2026-01-15 13:06:49 #6 store] 
Database '/Users/enriquepinazomoreno/Documents/IGN_IFM_UGR-25_26/PrimerSemestre/DDSI/2-Seminarios/DDSI_EquipoA/P4/OODB/oodb.odb' is closed by 22003@MacBook-Air-de-Enrique.local

------------------------------------------------------------------------------------------------------------------------

[2026-01-15 13:07:32 #1 store] 
Database '/Users/enriquepinazomoreno/Documents/IGN_IFM_UGR-25_26/PrimerSemestre/DDSI/2-Seminarios/DDSI_EquipoA/P4/OODB/oodb.odb' is opened by 22779@MacBook-Air-de-Enrique.local

[2026-01-15 13:07:32 #2 store] 
Configuration path: ?

[2026-01-15 13:07:32 #3 type] 
Type Persona is not enhanced.

[2026-01-15 13:07:32 #4 type] 
Type Stock is not enhanced.

[2026-01-15 13:07:32 #5 type] 
Type Pedido is not enhanced.

[2026-01-15 13:07:32 #6 store] 
Database '/Users/enriquepinazomoreno/Documents/IGN_IFM_UGR-25_26/PrimerSemestre/DDSI/2-Seminarios/DDSI_EquipoA/P4/OODB/oodb.odb' is closed by 22779@MacBook-Air-de-Enrique.local

------------------------------------------------------------------------------------------------------------------------

[2026-01-15 13:07:40 #1 store] 
Database '/Users/enriquepinazomoreno/Documents/IGN_IFM_UGR-25_26/PrimerSemestre/DDSI/2-Seminarios/DDSI_EquipoA/P4/OODB/oodb.odb' is opened by 23215@MacBook-Air-de-Enrique.local

[2026-01-15 13:07:40 #2 store] 
Configuration path: ?

[2026-01-15 13:07:40 #3 type] 
Type Persona is not enhanced.

[2026-01-15 13:07:40 #4 type] 
Type Stock is not enhanced.

[2026-01-15 13:07:40 #5 type] 
Type Pedido is not enhanced.

[2026-01-15 13:07:40 #6 store] 
Database '/Users/enriquepinazomoreno/Documents/IGN_IFM_UGR-25_26/PrimerSemestre/DDSI/2-Seminarios/DDSI_EquipoA/P4/OODB/oodb.odb' is closed by 23215@MacBook-Air-de-Enrique.local

------------------------------------------------------------------------------------------------------------------------

[2026-01-15 13:07:53 #1 store] 
Database '/Users/enriquepinazomoreno/Documents/IGN_IFM_UGR-25_26/PrimerSemestre/DDSI/2-Seminarios/DDSI_EquipoA/P4/OODB/oodb.odb' is opened by 23656@MacBook-Air-de-Enrique.local

[2026-01-15 13:07:53 #2 store] 
Configuration path: ?

[2026-01-15 13:07:53 #3 type] 
Type Persona is not enhanced.

[2026-01-15 13:07:53 #4 type] 
Type Stock is not enhanced.

[2026-01-15 13:07:53 #5 type] 
Type Pedido is not enhanced.

[2026-01-15 13:07:53 #6 store] 
Database '/Users/enriquepinazomoreno/Documents/IGN_IFM_UGR-25_26/PrimerSemestre/DDSI/2-Seminarios/DDSI_EquipoA/P4/OODB/oodb.odb' is closed by 23656@MacBook-Air-de-Enrique.local

------------------------------------------------------------------------------------------------------------------------

[2026-01-15 13:07:57 #1 store] 
Database '/Users/enriquepinazomoreno/Documents/IGN_IFM_UGR-25_26/PrimerSemestre/DDSI/2-Seminarios/DDSI_EquipoA/P4/OODB/oodb.odb' is opened by 24282@MacBook-Air-de-Enrique.local

[2026-01-15 13:07:57 #2 store] 
Configuration path: ?

[2026-01-15 13:07:57 #3 type] 
Type Persona is not enhanced.

[2026-01-15 13:07:57 #4 type] 
Type Stock is not enhanced.

[2026-01-15 13:07:57 #5 type] 
Type Pedido is not enhanced.

[2026-01-15 13:07:57 #6 store] 
Database '/Users/enriquepinazomoreno/Documents/IGN_IFM_UGR-25_26/PrimerSemestre/DDSI/2-Seminarios/DDSI_EquipoA/P4/OODB/oodb.odb' is closed by 24282@MacBook-Air-de-Enrique.local

------------------------------------------------------------------------------------------------------------------------

[2026-01-15 13:55:25 #1 store] 
Database '/Users/enriquepinazomoreno/Documents/IGN_IFM_UGR-25_26/PrimerSemestre/DDSI/2-Seminarios/DDSI_EquipoA/P4/OODB/oodb.odb' is opened by 25479@MacBook-Air-de-Enrique.local

[2026-01-15 13:55:25 #2 store] 
Configuration path: ?

[2026-01-15 13:55:25 #3 type] 
Type Persona is not enhanced.

[2026-01-15 13:55:25 #4 type] 
Type Stock is not enhanced.

[2026-01-15 13:55:25 #5 type] 
Type Pedido is not enhanced.

[2026-01-15 13:55:25 #6 store] 
Database '/Users/enriquepinazomoreno/Documents/IGN_IFM_UGR-25_26/PrimerSemestre/DDSI/2-Seminarios/DDSI_EquipoA/P4/OODB/oodb.odb' is closed by 25479@MacBook-Air-de-Enrique.local

------------------------------------------------------------------------------------------------------------------------

[2026-01-15 13:55:27 #1 store] 
Database '/Users/enriquepinazomoreno/Documents/IGN_IFM_UGR-25_26/PrimerSemestre/DDSI/2-Seminarios/DDSI_EquipoA/P4/OODB/oodb.odb' is opened by 25914@MacBook-Air-de-Enrique.local

[2026-01-15 13:55:27 #2 store] 
Configuration path: ?

[2026-01-15 13:55:27 #3 type] 
Type Persona is not enhanced.

[2026-01-15 13:55:27 #4 type] 
Type Stock is not enhanced.

[2026-01-15 13:55:27 #5 type] 
Type Pedido is not enhanced.

[2026-01-15 13:55:27 #6 store] 
Database '/Users/enriquepinazomoreno/Documents/IGN_IFM_UGR-25_26/PrimerSemestre/DDSI/2-Seminarios/DDSI_EquipoA/P4/OODB/oodb.odb' is closed by 25914@MacBook-Air-de-Enrique.local

------------------------------------------------------------------------------------------------------------------------

[2026-01-15 13:57:13 #1 store] 
Database '/Users/enriquepinazomoreno/Documents/IGN_IFM_UGR-25_26/PrimerSemestre/DDSI/2-Seminarios/DDSI_EquipoA/P4/OODB/oodb.odb' is opened by 26522@MacBook-Air-de-Enrique.local

[2026-01-15 13:57:13 #2 store] 
Configuration path: ?

[2026-01-15 13:57:13 #3 type] 
Type Persona is not enhanced.

[2026-01-15 13:57:13 #4 type] 
Type Stock is not enhanced.

[2026-01-15 13:57:13 #5 type] 
Type Pedido is not enhanced.

[2026-01-15 13:57:13 #6 store] 
Database '/Users/enriquepinazomoreno/Documents/IGN_IFM_UGR-25_26/PrimerSemestre/DDSI/2-Seminarios/DDSI_EquipoA/P4/OODB/oodb.odb' is closed by 26522@MacBook-Air-de-Enrique.local

------------------------------------------------------------------------------------------------------------------------

[2026-01-15 13:57:15 #1 store] 
Database '/Users/enriquepinazomoreno/Documents/IGN_IFM_UGR-25_26/PrimerSemestre/DDSI/2-Seminarios/DDSI_EquipoA/P4/OODB/oodb.odb' is opened by 26957@MacBook-Air-de-Enrique.local

[2026-01-15 13:57:15 #2 store] 
Configuration path: ?

[2026-01-15 13:57:15 #3 type] 
Type Persona is not enhanced.

[2026-01-15 13:57:15 #4 type] 
Type Stock is not enhanced.

[2026-01-15 13:57:15 #5 type] 
Type Pedido is not enhanced.

[2026-01-15 13:57:15 #6 store] 
Database '/Users/enriquepinazomoreno/Documents/IGN_IFM_UGR-25_26/PrimerSemestre/DDSI/2-Seminarios/DDSI_EquipoA/P4/OODB/oodb.odb' is closed by 26957@MacBook-Air-de-Enrique.local

------------------------------------------------------------------------------------------------------------------------

[2026-01-15 14:06:13 #1 store] 
Database '/Users/enriquepinazomoreno/Documents/IGN_IFM_UGR-25_26/PrimerSemestre/DDSI/2-Seminarios/DDSI_EquipoA/P4/OODB/oodb.odb' is opened by 27529@MacBook-Air-de-Enrique.local

[2026-01-15 14:06:13 #2 store] 
Configuration path: ?

[2026-01-15 14:06:13 #3 type] 
Type Persona is not enhanced.

[2026-01-15 14:06:13 #4 type] 
Type Stock is not enhanced.

[2026-01-15 14:06:13 #5 type] 
Type Pedido is not enhanced.

[2026-01-15 14:06:13 #6 store] 
Database '/Users/enriquepinazomoreno/Documents/IGN_IFM_UGR-25_26/PrimerSemestre/DDSI/2-Seminarios/DDSI_EquipoA/P4/OODB/oodb.odb' is closed by 27529@MacBook-Air-de-Enrique.local

------------------------------------------------------------------------------------------------------------------------

[2026-01-15 14:06:19 #1 store] 
Database '/Users/enriquepinazomoreno/Documents/IGN_IFM_UGR-25_26/PrimerSemestre/DDSI/2-Seminarios/DDSI_EquipoA/P4/OODB/oodb.odb' is opened by 27964@MacBook-Air-de-Enrique.local

[2026-01-15 14:06:19 #2 store] 
Configuration path: ?

[2026-01-15 14:06:19 #3 type] 
Type Persona is not enhanced.

[2026-01-15 14:06:19 #4 type] 
Type Stock is not enhanced.

[2026-01-15 14:06:19 #5 type] 
Type Pedido is not enhanced.

[2026-01-15 14:06:19 #6 store] 
Database '/Users/enriquepinazomoreno/Documents/IGN_IFM_UGR-25_26/PrimerSemestre/DDSI/2-Seminarios/DDSI_EquipoA/P4/OODB/oodb.odb' is closed by 27964@MacBook-Air-de-Enrique.local

------------------------------------------------------------------------------------------------------------------------

[2026-01-15 14:06:31 #1 store] 
Database '/Users/enriquepinazomoreno/Documents/IGN_IFM_UGR-25_26/PrimerSemestre/DDSI/2-Seminarios/DDSI_EquipoA/P4/OODB/oodb.odb' is opened by 28613@MacBook-Air-de-Enrique.local

[2026-01-15 14:06:31 #2 store] 
Configuration path: ?

[2026-01-15 14:06:31 #3 type] 
Type Persona is not enhanced.

[2026-01-15 14:06:31 #4 type] 
Type Stock is not enhanced.

[2026-01-15 14:06:31 #5 type] 
Type Pedido is not enhanced.

[2026-01-15 14:06:31 #6 store] 
Database '/Users/enriquepinazomoreno/Documents/IGN_IFM_UGR-25_26/PrimerSemestre/DDSI/2-Seminarios/DDSI_EquipoA/P4/OODB/oodb.odb' is closed by 28613@MacBook-Air-de-Enrique.local

------------------------------------------------------------------------------------------------------------------------

[2026-01-15 14:06:34 #1 store] 
Database '/Users/enriquepinazomoreno/Documents/IGN_IFM_UGR-25_26/PrimerSemestre/DDSI/2-Seminarios/DDSI_EquipoA/P4/OODB/oodb.odb' is opened by 29056@MacBook-Air-de-Enrique.local

[2026-01-15 14:06:34 #2 store] 
Configuration path: ?

[2026-01-15 14:06:34 #3 type] 
Type Persona is not enhanced.

[2026-01-15 14:06:34 #4 type] 
Type Stock is not enhanced.

[2026-01-15 14:06:34 #5 type] 
Type Pedido is not enhanced.

[2026-01-15 14:06:34 #6 store] 
Database '/Users/enriquepinazomoreno/Documents/IGN_IFM_UGR-25_26/PrimerSemestre/DDSI/2-Seminarios/DDSI_EquipoA/P4/OODB/oodb.odb' is closed by 29056@MacBook-Air-de-Enrique.local

------------------------------------------------------------------------------------------------------------------------

[2026-01-15 14:10:21 #1 store] 
Database '/Users/enriquepinazomoreno/Documents/IGN_IFM_UGR-25_26/PrimerSemestre/DDSI/2-Seminarios/DDSI_EquipoA/P4/OODB/oodb.odb' is opened by 30048@MacBook-Air-de-Enrique.local

[2026-01-15 14:10:21 #2 store] 
Configuration path: ?

[2026-01-15 14:10:21 #3 type] 
Type Persona is not enhanced.

[2026-01-15 14:10:21 #4 type] 
Type Stock is not enhanced.

[2026-01-15 14:10:21 #5 type] 
Type Pedido is not enhanced.

[2026-01-15 14:10:21 #6 store] 
Database '/Users/enriquepinazomoreno/Documents/IGN_IFM_UGR-25_26/PrimerSemestre/DDSI/2-Seminarios/DDSI_EquipoA/P4/OODB/oodb.odb' is closed by 30048@MacBook-Air-de-Enrique.local

------------------------------------------------------------------------------------------------------------------------

[2026-01-15 14:10:30 #1 store] 
Database '/Users/enriquepinazomoreno/Documents/IGN_IFM_UGR-25_26/PrimerSemestre/DDSI/2-Seminarios/DDSI_EquipoA/P4/OODB/oodb.odb' is opened by 30489@MacBook-Air-de-Enrique.local

[2026-01-15 14:10:30 #2 store] 
Configuration path: ?

[2026-01-15 14:10:30 #3 type] 
Type Persona is not enhanced.

[2026-01-15 14:10:30 #4 type] 
Type Stock is not enhanced.

[2026-01-15 14:10:30 #5 type] 
Type Pedido is not enhanced.

[2026-01-15 14:10:30 #6 store] 
Database '/Users/enriquepinazomoreno/Documents/IGN_IFM_UGR-25_26/PrimerSemestre/DDSI/2-Seminarios/DDSI_EquipoA/P4/OODB/oodb.odb' is closed by 30489@MacBook-Air-de-Enrique.local

------------------------------------------------------------------------------------------------------------------------

[2026-01-15 14:12:45 #1 store] 
Database '/Users/enriquepinazomoreno/Documents/IGN_IFM_UGR-25_26/PrimerSemestre/DDSI/2-Seminarios/DDSI_EquipoA/P4/OODB/oodb.odb' is opened by 30959@MacBook-Air-de-Enrique.local

[2026-01-15 14:12:45 #2 store] 
Configuration path: ?

[2026-01-15 14:12:45 #3 type] 
Type Persona is not enhanced.

[2026-01-15 14:12:45 #4 type] 
Type Stock is not enhanced.

[2026-01-15 14:12:45 #5 type] 
Type Pedido is not enhanced.

[2026-01-15 14:12:45 #6 store] 
Database '/Users/enriquepinazomoreno/Documents/IGN_IFM_UGR-25_26/PrimerSemestre/DDSI/2-Seminarios/DDSI_EquipoA/P4/OODB/oodb.odb' is closed by 30959@MacBook-Air-de-Enrique.local

------------------------------------------------------------------------------------------------------------------------

[2026-01-15 14:12:49 #1 store] 
Database '/Users/enriquepinazomoreno/Documents/IGN_IFM_UGR-25_26/PrimerSemestre/DDSI/2-Seminarios/DDSI_EquipoA/P4/OODB/oodb.odb' is opened by 31398@MacBook-Air-de-Enrique.local

[2026-01-15 14:12:49 #2 store] 
Configuration path: ?

[2026-01-15 14:12:49 #3 type] 
Type Persona is not enhanced.

[2026-01-15 14:12:49 #4 type] 
Type Stock is not enhanced.

[2026-01-15 14:12:49 #5 type] 
Type Pedido is not enhanced.

[2026-01-15 14:12:49 #6 store] 
Database '/Users/enriquepinazomoreno/Documents/IGN_IFM_UGR-25_26/PrimerSemestre/DDSI/2-Seminarios/DDSI_EquipoA/P4/OODB/oodb.odb' is closed by 31398@MacBook-Air-de-Enrique.local

------------------------------------------------------------------------------------------------------------------------

[2026-01-15 14:12:58 #1 store] 
Database '/Users/enriquepinazomoreno/Documents/IGN_IFM_UGR-25_26/PrimerSemestre/DDSI/2-Seminarios/DDSI_EquipoA/P4/OODB/oodb.odb' is opened by 31983@MacBook-Air-de-Enrique.local

[2026-01-15 14:12:58 #2 store] 
Configuration path: ?

[2026-01-15 14:12:58 #3 type] 
Type Persona is not enhanced.

[2026-01-15 14:12:58 #4 type] 
Type Stock is not enhanced.

[2026-01-15 14:12:58 #5 type] 
Type Pedido is not enhanced.

[2026-01-15 14:12:58 #6 store] 
Database '/Users/enriquepinazomoreno/Documents/IGN_IFM_UGR-25_26/PrimerSemestre/DDSI/2-Seminarios/DDSI_EquipoA/P4/OODB/oodb.odb' is closed by 31983@MacBook-Air-de-Enrique.local

------------------------------------------------------------------------------------------------------------------------

[2026-01-15 14:12:59 #1 store] 
Database '/Users/enriquepinazomoreno/Documents/IGN_IFM_UGR-25_26/PrimerSemestre/DDSI/2-Seminarios/DDSI_EquipoA/P4/OODB/oodb.odb' is opened by 32415@MacBook-Air-de-Enrique.local

[2026-01-15 14:12:59 #2 store] 
Configuration path: ?

[2026-01-15 14:12:59 #3 type] 
Type Persona is not enhanced.

[2026-01-15 14:12:59 #4 type] 
Type Stock is not enhanced.

[2026-01-15 14:12:59 #5 type] 
Type Pedido is not enhanced.

[2026-01-15 14:12:59 #6 store] 
Database '/Users/enriquepinazomoreno/Documents/IGN_IFM_UGR-25_26/PrimerSemestre/DDSI/2-Seminarios/DDSI_EquipoA/P4/OODB/oodb.odb' is closed by 32415@MacBook-Air-de-Enrique.local

------------------------------------------------------------------------------------------------------------------------

[2026-01-15 14:14:52 #1 store] 
Database '/Users/enriquepinazomoreno/Documents/IGN_IFM_UGR-25_26/PrimerSemestre/DDSI/2-Seminarios/DDSI_EquipoA/P4/OODB/oodb.odb' is opened by 33230@MacBook-Air-de-Enrique.local

[2026-01-15 14:14:52 #2 store] 
Configuration path: ?

[2026-01-15 14:14:53 #3 type] 
Type Persona is not enhanced.

[2026-01-15 14:14:53 #4 type] 
Type Stock is not enhanced.

[2026-01-15 14:14:53 #5 type] 
Type Pedido is not enhanced.

[2026-01-15 14:14:53 #6 store] 
Database '/Users/enriquepinazomoreno/Documents/IGN_IFM_UGR-25_26/PrimerSemestre/DDSI/2-Seminarios/DDSI_EquipoA/P4/OODB/oodb.odb' is closed by 33230@MacBook-Air-de-Enrique.local

------------------------------------------------------------------------------------------------------------------------

[2026-01-15 16:49:46 #1 store] 
Database '/Users/enriquepinazomoreno/Documents/IGN_IFM_UGR-25_26/PrimerSemestre/DDSI/2-Seminarios/DDSI_EquipoA/P4/OODB/oodb.odb' is opened by 34584@MacBook-Air-de-Enrique.local

[2026-01-15 16:49:46 #2 store] 
Configuration path: ?

[2026-01-15 16:49:46 #3 type] 
Type Persona is not enhanced.

[2026-01-15 16:49:46 #4 type] 
Type Stock is not enhanced.

[2026-01-15 16:49:46 #5 type] 
Type Pedido is not enhanced.

[2026-01-15 16:49:46 #6 store] 
Database '/Users/enriquepinazomoreno/Documents/IGN_IFM_UGR-25_26/PrimerSemestre/DDSI/2-Seminarios/DDSI_EquipoA/P4/OODB/oodb.odb' is closed by 34584@MacBook-Air-de-Enrique.local

------------------------------------------------------------------------------------------------------------------------

[2026-01-15 17:12:36 #1 store] 
Database '/Users/enriquepinazomoreno/Documents/IGN_IFM_UGR-25_26/PrimerSemestre/DDSI/2-Seminarios/DDSI_EquipoA/P4/OODB/oodb.odb' is opened by 35374@MacBook-Air-de-Enrique.local

[2026-01-15 17:12:36 #2 store] 
Configuration path: ?

[2026-01-15 17:12:36 #3 type] 
Type Persona is not enhanced.

[2026-01-15 17:12:36 #4 type] 
Type Stock is not enhanced.

[2026-01-15 17:12:36 #5 type] 
Type Pedido is not enhanced.

[2026-01-15 17:12:36 #6 store] 
Database '/Users/enriquepinazomoreno/Documents/IGN_IFM_UGR-25_26/PrimerSemestre/DDSI/2-Seminarios/DDSI_EquipoA/P4/OODB/oodb.odb' is closed by 35374@MacBook-Air-de-Enrique.local

------------------------------------------------------------------------------------------------------------------------

[2026-01-15 17:25:37 #1 store] 
Database '/Users/enriquepinazomoreno/Documents/IGN_IFM_UGR-25_26/PrimerSemestre/DDSI/2-Seminarios/DDSI_EquipoA/P4/OODB/oodb.odb' is opened by 36178@MacBook-Air-de-Enrique.local

[2026-01-15 17:25:37 #2 store] 
Configuration path: ?

[2026-01-15 17:25:37 #3 type] 
Type Persona is not enhanced.

[2026-01-15 17:25:37 #4 type] 
Type Stock is not enhanced.

[2026-01-15 17:25:37 #5 type] 
Type Pedido is not enhanced.

[2026-01-15 17:25:37 #6 store] 
Database '/Users/enriquepinazomoreno/Documents/IGN_IFM_UGR-25_26/PrimerSemestre/DDSI/2-Seminarios/DDSI_EquipoA/P4/OODB/oodb.odb' is closed by 36178@MacBook-Air-de-Enrique.local

------------------------------------------------------------------------------------------------------------------------

[2026-01-15 17:25:46 #1 store] 
Database '/Users/enriquepinazomoreno/Documents/IGN_IFM_UGR-25_26/PrimerSemestre/DDSI/2-Seminarios/DDSI_EquipoA/P4/OODB/oodb.odb' is opened by 36624@MacBook-Air-de-Enrique.local

[2026-01-15 17:25:46 #2 store] 
Configuration path: ?

[2026-01-15 17:25:46 #3 type] 
Type Persona is not enhanced.

[2026-01-15 17:25:46 #4 type] 
Type Stock is not enhanced.

[2026-01-15 17:25:46 #5 type] 
Type Pedido is not enhanced.

[2026-01-15 17:25:46 #6 store] 
Database '/Users/enriquepinazomoreno/Documents/IGN_IFM_UGR-25_26/PrimerSemestre/DDSI/2-Seminarios/DDSI_EquipoA/P4/OODB/oodb.odb' is closed by 36624@MacBook-Air-de-Enrique.local

------------------------------------------------------------------------------------------------------------------------

[2026-01-15 17:26:13 #1 store] 
Database '/Users/enriquepinazomoreno/Documents/IGN_IFM_UGR-25_26/PrimerSemestre/DDSI/2-Seminarios/DDSI_EquipoA/P4/OODB/oodb.odb' is opened by 37215@MacBook-Air-de-Enrique.local

[2026-01-15 17:26:13 #2 store] 
Configuration path: ?

[2026-01-15 17:26:13 #3 type] 
Type Persona is not enhanced.

[2026-01-15 17:26:13 #4 type] 
Type Stock is not enhanced.

[2026-01-15 17:26:13 #5 type] 
Type Pedido is not enhanced.

[2026-01-15 17:26:13 #6 store] 
Database '/Users/enriquepinazomoreno/Documents/IGN_IFM_UGR-25_26/PrimerSemestre/DDSI/2-Seminarios/DDSI_EquipoA/P4/OODB/oodb.odb' is closed by 37215@MacBook-Air-de-Enrique.local

------------------------------------------------------------------------------------------------------------------------

[2026-01-15 17:26:17 #1 store] 
Database '/Users/enriquepinazomoreno/Documents/IGN_IFM_UGR-25_26/PrimerSemestre/DDSI/2-Seminarios/DDSI_EquipoA/P4/OODB/oodb.odb' is opened by 37650@MacBook-Air-de-Enrique.local

[2026-01-15 17:26:17 #2 store] 
Configuration path: ?

[2026-01-15 17:26:17 #3 type] 
Type Persona is not enhanced.

[2026-01-15 17:26:17 #4 type] 
Type Stock is not enhanced.

[2026-01-15 17:26:17 #5 type] 
Type Pedido is not enhanced.

[2026-01-15 17:26:17 #6 store] 
Database '/Users/enriquepinazomoreno/Documents/IGN_IFM_UGR-25_26/PrimerSemestre/DDSI/2-Seminarios/DDSI_EquipoA/P4/OODB/oodb.odb' is closed by 37650@MacBook-Air-de-Enrique.local

------------------------------------------------------------------------------------------------------------------------

[2026-01-15 17:26:39 #1 store] 
Database '/Users/enriquepinazomoreno/Documents/IGN_IFM_UGR-25_26/PrimerSemestre/DDSI/2-Seminarios/DDSI_EquipoA/P4/OODB/oodb.odb' is opened by 38090@MacBook-Air-de-Enrique.local

[2026-01-15 17:26:39 #2 store] 
Configuration path: ?

[2026-01-15 17:26:39 #3 type] 
Type Persona is not enhanced.

[2026-01-15 17:26:39 #4 type] 
Type Stock is not enhanced.

[2026-01-15 17:26:39 #5 type] 
Type Pedido is not enhanced.

[2026-01-15 17:26:39 #6 store] 
Database '/Users/enriquepinazomoreno/Documents/IGN_IFM_UGR-25_26/PrimerSemestre/DDSI/2-Seminarios/DDSI_EquipoA/P4/OODB/oodb.odb' is closed by 38090@MacBook-Air-de-Enrique.local

------------------------------------------------------------------------------------------------------------------------

[2026-01-15 17:26:44 #1 store] 
Database '/Users/enriquepinazomoreno/Documents/IGN_IFM_UGR-25_26/PrimerSemestre/DDSI/2-Seminarios/DDSI_EquipoA/P4/OODB/oodb.odb' is opened by 38524@MacBook-Air-de-Enrique.local

[2026-01-15 17:26:44 #2 store] 
Configuration path: ?

[2026-01-15 17:26:44 #3 type] 
Type Persona is not enhanced.

[2026-01-15 17:26:44 #4 type] 
Type Stock is not enhanced.

[2026-01-15 17:26:44 #5 type] 
Type Pedido is not enhanced.

[2026-01-15 17:26:44 #6 store] 
Database '/Users/enriquepinazomoreno/Documents/IGN_IFM_UGR-25_26/PrimerSemestre/DDSI/2-Seminarios/DDSI_EquipoA/P4/OODB/oodb.odb' is closed by 38524@MacBook-Air-de-Enrique.local

------------------------------------------------------------------------------------------------------------------------

[2026-01-15 17:29:49 #1 store] 
Database '/Users/enriquepinazomoreno/Documents/IGN_IFM_UGR-25_26/PrimerSemestre/DDSI/2-Seminarios/DDSI_EquipoA/P4/OODB/oodb.odb' is opened by 39163@MacBook-Air-de-Enrique.local

[2026-01-15 17:29:49 #2 store] 
Configuration path: ?

[2026-01-15 17:29:49 #3 type] 
Type Persona is not enhanced.

[2026-01-15 17:29:49 #4 type] 
Type Stock is not enhanced.

[2026-01-15 17:29:49 #5 type] 
Type Pedido is not enhanced.

[2026-01-15 17:29:49 #6 store] 
Database '/Users/enriquepinazomoreno/Documents/IGN_IFM_UGR-25_26/PrimerSemestre/DDSI/2-Seminarios/DDSI_EquipoA/P4/OODB/oodb.odb' is closed by 39163@MacBook-Air-de-Enrique.local

------------------------------------------------------------------------------------------------------------------------

[2026-01-15 17:30:30 #1 store] 
Database '/Users/enriquepinazomoreno/Documents/IGN_IFM_UGR-25_26/PrimerSemestre/DDSI/2-Seminarios/DDSI_EquipoA/P4/OODB/oodb.odb' is opened by 39616@MacBook-Air-de-Enrique.local

[2026-01-15 17:30:30 #2 store] 
Configuration path: ?

[2026-01-15 17:30:30 #3 type] 
Type Persona is not enhanced.

[2026-01-15 17:30:30 #4 type] 
Type Stock is not enhanced.

[2026-01-15 17:30:30 #5 type] 
Type Pedido is not enhanced.

[2026-01-15 17:30:30 #6 store] 
Database '/Users/enriquepinazomoreno/Documents/IGN_IFM_UGR-25_26/PrimerSemestre/DDSI/2-Seminarios/DDSI_EquipoA/P4/OODB/oodb.odb' is closed by 39616@MacBook-Air-de-Enrique.local

------------------------------------------------------------------------------------------------------------------------

[2026-01-15 17:35:37 #1 store] 
Database '/Users/enriquepinazomoreno/Documents/IGN_IFM_UGR-25_26/PrimerSemestre/DDSI/2-Seminarios/DDSI_EquipoA/P4/OODB/oodb.odb' is opened by 40287@MacBook-Air-de-Enrique.local

[2026-01-15 17:35:37 #2 store] 
Configuration path: ?

[2026-01-15 17:35:37 #3 type] 
Type Persona is not enhanced.

[2026-01-15 17:35:37 #4 type] 
Type Stock is not enhanced.

[2026-01-15 17:35:37 #5 type] 
Type Pedido is not enhanced.

[2026-01-15 17:35:37 #6 store] 
Database '/Users/enriquepinazomoreno/Documents/IGN_IFM_UGR-25_26/PrimerSemestre/DDSI/2-Seminarios/DDSI_EquipoA/P4/OODB/oodb.odb' is closed by 40287@MacBook-Air-de-Enrique.local

------------------------------------------------------------------------------------------------------------------------

[2026-01-15 17:35:41 #1 store] 
Database '/Users/enriquepinazomoreno/Documents/IGN_IFM_UGR-25_26/PrimerSemestre/DDSI/2-Seminarios/DDSI_EquipoA/P4/OODB/oodb.odb' is opened by 40724@MacBook-Air-de-Enrique.local

[2026-01-15 17:35:41 #2 store] 
Configuration path: ?

[2026-01-15 17:35:41 #3 type] 
Type Persona is not enhanced.

[2026-01-15 17:35:41 #4 type] 
Type Stock is not enhanced.

[2026-01-15 17:35:41 #5 type] 
Type Pedido is not enhanced.

[2026-01-15 17:35:41 #6 store] 
Database '/Users/enriquepinazomoreno/Documents/IGN_IFM_UGR-25_26/PrimerSemestre/DDSI/2-Seminarios/DDSI_EquipoA/P4/OODB/oodb.odb' is closed by 40724@MacBook-Air-de-Enrique.local

------------------------------------------------------------------------------------------------------------------------

[2026-01-15 17:36:31 #1 store] 
Database '/Users/enriquepinazomoreno/Documents/IGN_IFM_UGR-25_26/PrimerSemestre/DDSI/2-Seminarios/DDSI_EquipoA/P4/OODB/oodb.odb' is opened by 41193@MacBook-Air-de-Enrique.local

[2026-01-15 17:36:31 #2 store] 
Configuration path: ?

[2026-01-15 17:36:31 #3 type] 
Type Persona is not enhanced.

[2026-01-15 17:36:31 #4 type] 
Type Stock is not enhanced.

[2026-01-15 17:36:31 #5 type] 
Type Pedido is not enhanced.

[2026-01-15 17:36:31 #6 store] 
Database '/Users/enriquepinazomoreno/Documents/IGN_IFM_UGR-25_26/PrimerSemestre/DDSI/2-Seminarios/DDSI_EquipoA/P4/OODB/oodb.odb' is closed by 41193@MacBook-Air-de-Enrique.local

------------------------------------------------------------------------------------------------------------------------

[2026-01-15 17:36:35 #1 store] 
Database '/Users/enriquepinazomoreno/Documents/IGN_IFM_UGR-25_26/PrimerSemestre/DDSI/2-Seminarios/DDSI_EquipoA/P4/OODB/oodb.odb' is opened by 41627@MacBook-Air-de-Enrique.local

[2026-01-15 17:36:35 #2 store] 
Configuration path: ?

[2026-01-15 17:36:35 #3 type] 
Type Persona is not enhanced.

[2026-01-15 17:36:35 #4 type] 
Type Stock is not enhanced.

[2026-01-15 17:36:35 #5 type] 
Type Pedido is not enhanced.

[2026-01-15 17:36:35 #6 store] 
Database '/Users/enriquepinazomoreno/Documents/IGN_IFM_UGR-25_26/PrimerSemestre/DDSI/2-Seminarios/DDSI_EquipoA/P4/OODB/oodb.odb' is closed by 41627@MacBook-Air-de-Enrique.local

