------------------------------------------------------------------------------------------------------------------------

[2026-01-14 18:21:39 #1 store] 
Database '/Users/enriquepinazomoreno/Documents/IGN_IFM_UGR-25_26/PrimerSemestre/DDSI/2-Seminarios/DDSI_EquipoA/P4/OODB/oodb.odb' is opened by 42913@MacBook-Air-de-Enrique.local

[2026-01-14 18:21:39 #2 store] 
Configuration path: ?

[2026-01-14 18:21:39 #3 type] 
Type Persona is not enhanced.

------------------------------------------------------------------------------------------------------------------------

[2026-01-14 18:21:59 #1 store] 
Database '/Users/enriquepinazomoreno/Documents/IGN_IFM_UGR-25_26/PrimerSemestre/DDSI/2-Seminarios/DDSI_EquipoA/P4/OODB/oodb.odb' has been recovered (tr. 1-4)

[2026-01-14 18:21:59 #2 store] 
Database '/Users/enriquepinazomoreno/Documents/IGN_IFM_UGR-25_26/PrimerSemestre/DDSI/2-Seminarios/DDSI_EquipoA/P4/OODB/oodb.odb' is opened by 43356@MacBook-Air-de-Enrique.local

[2026-01-14 18:21:59 #3 store] 
Configuration path: ?

[2026-01-14 18:21:59 #4 type] 
Type Persona is not enhanced.

[2026-01-14 18:21:59 #5 store] 
Database '/Users/enriquepinazomoreno/Documents/IGN_IFM_UGR-25_26/PrimerSemestre/DDSI/2-Seminarios/DDSI_EquipoA/P4/OODB/oodb.odb' is closed by 43356@MacBook-Air-de-Enrique.local

------------------------------------------------------------------------------------------------------------------------

[2026-01-14 18:29:27 #1 store] 
Database '/Users/enriquepinazomoreno/Documents/IGN_IFM_UGR-25_26/PrimerSemestre/DDSI/2-Seminarios/DDSI_EquipoA/P4/OODB/oodb.odb' is opened by 43906@MacBook-Air-de-Enrique.local

[2026-01-14 18:29:27 #2 store] 
Configuration path: ?

[2026-01-14 18:29:27 #3 type] 
Type Persona is not enhanced.

[2026-01-14 18:29:27 #4 store] 
Database '/Users/enriquepinazomoreno/Documents/IGN_IFM_UGR-25_26/PrimerSemestre/DDSI/2-Seminarios/DDSI_EquipoA/P4/OODB/oodb.odb' is closed by 43906@MacBook-Air-de-Enrique.local

------------------------------------------------------------------------------------------------------------------------

[2026-01-14 18:29:32 #1 store] 
Database '/Users/enriquepinazomoreno/Documents/IGN_IFM_UGR-25_26/PrimerSemestre/DDSI/2-Seminarios/DDSI_EquipoA/P4/OODB/oodb.odb' is opened by 44341@MacBook-Air-de-Enrique.local

[2026-01-14 18:29:32 #2 store] 
Configuration path: ?

[2026-01-14 18:29:32 #3 type] 
Type Persona is not enhanced.

[2026-01-14 18:29:32 #4 store] 
Database '/Users/enriquepinazomoreno/Documents/IGN_IFM_UGR-25_26/PrimerSemestre/DDSI/2-Seminarios/DDSI_EquipoA/P4/OODB/oodb.odb' is closed by 44341@MacBook-Air-de-Enrique.local

------------------------------------------------------------------------------------------------------------------------

[2026-01-14 18:30:56 #1 store] 
Database '/Users/enriquepinazomoreno/Documents/IGN_IFM_UGR-25_26/PrimerSemestre/DDSI/2-Seminarios/DDSI_EquipoA/P4/OODB/oodb.odb' is opened by 44808@MacBook-Air-de-Enrique.local

[2026-01-14 18:30:56 #2 store] 
Configuration path: ?

[2026-01-14 18:30:56 #3 type] 
Type Persona is not enhanced.

[2026-01-14 18:30:56 #4 store] 
Database '/Users/enriquepinazomoreno/Documents/IGN_IFM_UGR-25_26/PrimerSemestre/DDSI/2-Seminarios/DDSI_EquipoA/P4/OODB/oodb.odb' is closed by 44808@MacBook-Air-de-Enrique.local

------------------------------------------------------------------------------------------------------------------------

[2026-01-14 18:52:57 #1 store] 
Database '/Users/enriquepinazomoreno/Documents/IGN_IFM_UGR-25_26/PrimerSemestre/DDSI/2-Seminarios/DDSI_EquipoA/P4/OODB/oodb.odb' is opened by 45663@MacBook-Air-de-Enrique.local

[2026-01-14 18:52:57 #2 store] 
Configuration path: ?

[2026-01-14 18:52:57 #3 type] 
Type Persona is not enhanced.

[2026-01-14 18:52:57 #4 type] 
Type Stock is not enhanced.

[2026-01-14 18:52:57 #5 store] 
Database '/Users/enriquepinazomoreno/Documents/IGN_IFM_UGR-25_26/PrimerSemestre/DDSI/2-Seminarios/DDSI_EquipoA/P4/OODB/oodb.odb' is closed by 45663@MacBook-Air-de-Enrique.local

------------------------------------------------------------------------------------------------------------------------

[2026-01-14 18:53:47 #1 store] 
Database '/Users/enriquepinazomoreno/Documents/IGN_IFM_UGR-25_26/PrimerSemestre/DDSI/2-Seminarios/DDSI_EquipoA/P4/OODB/oodb.odb' is opened by 46309@MacBook-Air-de-Enrique.local

[2026-01-14 18:53:47 #2 store] 
Configuration path: ?

[2026-01-14 18:53:47 #3 type] 
Type Persona is not enhanced.

[2026-01-14 18:53:47 #4 type] 
Type Stock is not enhanced.

[2026-01-14 18:53:47 #5 store] 
Database '/Users/enriquepinazomoreno/Documents/IGN_IFM_UGR-25_26/PrimerSemestre/DDSI/2-Seminarios/DDSI_EquipoA/P4/OODB/oodb.odb' is closed by 46309@MacBook-Air-de-Enrique.local

------------------------------------------------------------------------------------------------------------------------

[2026-01-14 18:55:47 #1 store] 
Database '/Users/enriquepinazomoreno/Documents/IGN_IFM_UGR-25_26/PrimerSemestre/DDSI/2-Seminarios/DDSI_EquipoA/P4/OODB/oodb.odb' is opened by 46778@MacBook-Air-de-Enrique.local

[2026-01-14 18:55:47 #2 store] 
Configuration path: ?

[2026-01-14 18:55:47 #3 type] 
Type Persona is not enhanced.

[2026-01-14 18:55:47 #4 type] 
Type Stock is not enhanced.

[2026-01-14 18:55:47 #5 store] 
Database '/Users/enriquepinazomoreno/Documents/IGN_IFM_UGR-25_26/PrimerSemestre/DDSI/2-Seminarios/DDSI_EquipoA/P4/OODB/oodb.odb' is closed by 46778@MacBook-Air-de-Enrique.local

------------------------------------------------------------------------------------------------------------------------

[2026-01-14 18:56:08 #1 store] 
Database '/Users/enriquepinazomoreno/Documents/IGN_IFM_UGR-25_26/PrimerSemestre/DDSI/2-Seminarios/DDSI_EquipoA/P4/OODB/oodb.odb' is opened by 47221@MacBook-Air-de-Enrique.local

[2026-01-14 18:56:08 #2 store] 
Configuration path: ?

[2026-01-14 18:56:08 #3 type] 
Type Persona is not enhanced.

[2026-01-14 18:56:08 #4 type] 
Type Stock is not enhanced.

[2026-01-14 18:56:08 #5 store] 
Database '/Users/enriquepinazomoreno/Documents/IGN_IFM_UGR-25_26/PrimerSemestre/DDSI/2-Seminarios/DDSI_EquipoA/P4/OODB/oodb.odb' is closed by 47221@MacBook-Air-de-Enrique.local

------------------------------------------------------------------------------------------------------------------------

[2026-01-14 19:03:46 #1 store] 
Database '/Users/enriquepinazomoreno/Documents/IGN_IFM_UGR-25_26/PrimerSemestre/DDSI/2-Seminarios/DDSI_EquipoA/P4/OODB/oodb.odb' is opened by 48136@MacBook-Air-de-Enrique.local

[2026-01-14 19:03:46 #2 store] 
Configuration path: ?

[2026-01-14 19:03:46 #3 type] 
Type Persona is not enhanced.

[2026-01-14 19:03:46 #4 type] 
Type Stock is not enhanced.

[2026-01-14 19:03:46 #5 store] 
Database '/Users/enriquepinazomoreno/Documents/IGN_IFM_UGR-25_26/PrimerSemestre/DDSI/2-Seminarios/DDSI_EquipoA/P4/OODB/oodb.odb' is closed by 48136@MacBook-Air-de-Enrique.local

------------------------------------------------------------------------------------------------------------------------

[2026-01-14 19:04:36 #1 store] 
Database '/Users/enriquepinazomoreno/Documents/IGN_IFM_UGR-25_26/PrimerSemestre/DDSI/2-Seminarios/DDSI_EquipoA/P4/OODB/oodb.odb' is opened by 48592@MacBook-Air-de-Enrique.local

[2026-01-14 19:04:36 #2 store] 
Configuration path: ?

[2026-01-14 19:04:36 #3 type] 
Type Persona is not enhanced.

[2026-01-14 19:04:36 #4 type] 
Type Stock is not enhanced.

[2026-01-14 19:04:36 #5 store] 
Database '/Users/enriquepinazomoreno/Documents/IGN_IFM_UGR-25_26/PrimerSemestre/DDSI/2-Seminarios/DDSI_EquipoA/P4/OODB/oodb.odb' is closed by 48592@MacBook-Air-de-Enrique.local

------------------------------------------------------------------------------------------------------------------------

[2026-01-14 19:20:35 #1 store] 
Database '/Users/enriquepinazomoreno/Documents/IGN_IFM_UGR-25_26/PrimerSemestre/DDSI/2-Seminarios/DDSI_EquipoA/P4/OODB/oodb.odb' is opened by 49249@MacBook-Air-de-Enrique.local

[2026-01-14 19:20:35 #2 store] 
Configuration path: ?

[2026-01-14 19:20:35 #3 type] 
Type Persona is not enhanced.

[2026-01-14 19:20:35 #4 type] 
Type Stock is not enhanced.

[2026-01-14 19:20:35 #5 store] 
Database '/Users/enriquepinazomoreno/Documents/IGN_IFM_UGR-25_26/PrimerSemestre/DDSI/2-Seminarios/DDSI_EquipoA/P4/OODB/oodb.odb' is closed by 49249@MacBook-Air-de-Enrique.local

------------------------------------------------------------------------------------------------------------------------

[2026-01-14 19:37:54 #1 store] 
Database '/Users/enriquepinazomoreno/Documents/IGN_IFM_UGR-25_26/PrimerSemestre/DDSI/2-Seminarios/DDSI_EquipoA/P4/OODB/oodb.odb' is opened by 49965@MacBook-Air-de-Enrique.local

[2026-01-14 19:37:54 #2 store] 
Configuration path: ?

[2026-01-14 19:37:54 #3 type] 
Type Persona is not enhanced.

[2026-01-14 19:37:54 #4 type] 
Type Stock is not enhanced.

[2026-01-14 19:37:55 #5 store] 
Database '/Users/enriquepinazomoreno/Documents/IGN_IFM_UGR-25_26/PrimerSemestre/DDSI/2-Seminarios/DDSI_EquipoA/P4/OODB/oodb.odb' is closed by 49965@MacBook-Air-de-Enrique.local

------------------------------------------------------------------------------------------------------------------------

[2026-01-14 20:06:58 #1 store] 
Database '/Users/enriquepinazomoreno/Documents/IGN_IFM_UGR-25_26/PrimerSemestre/DDSI/2-Seminarios/DDSI_EquipoA/P4/OODB/oodb.odb' is opened by 50900@MacBook-Air-de-Enrique.local

[2026-01-14 20:06:58 #2 store] 
Configuration path: ?

[2026-01-14 20:06:58 #3 type] 
Type Persona is not enhanced.

[2026-01-14 20:06:58 #4 type] 
Type Stock is not enhanced.

[2026-01-14 20:06:58 #5 store] 
Database '/Users/enriquepinazomoreno/Documents/IGN_IFM_UGR-25_26/PrimerSemestre/DDSI/2-Seminarios/DDSI_EquipoA/P4/OODB/oodb.odb' is closed by 50900@MacBook-Air-de-Enrique.local

------------------------------------------------------------------------------------------------------------------------

[2026-01-14 20:48:53 #1 store] 
Database '/Users/enriquepinazomoreno/Documents/IGN_IFM_UGR-25_26/PrimerSemestre/DDSI/2-Seminarios/DDSI_EquipoA/P4/OODB/oodb.odb' is opened by 52097@MacBook-Air-de-Enrique.local

[2026-01-14 20:48:53 #2 store] 
Configuration path: ?

[2026-01-14 20:48:53 #3 type] 
Type Persona is not enhanced.

[2026-01-14 20:48:53 #4 type] 
Type Stock is not enhanced.

[2026-01-14 20:48:53 #5 type] 
Type Pedido is not enhanced.

[2026-01-14 20:48:53 #6 store] 
Database '/Users/enriquepinazomoreno/Documents/IGN_IFM_UGR-25_26/PrimerSemestre/DDSI/2-Seminarios/DDSI_EquipoA/P4/OODB/oodb.odb' is closed by 52097@MacBook-Air-de-Enrique.local

------------------------------------------------------------------------------------------------------------------------

[2026-01-14 20:49:09 #1 store] 
Database '/Users/enriquepinazomoreno/Documents/IGN_IFM_UGR-25_26/PrimerSemestre/DDSI/2-Seminarios/DDSI_EquipoA/P4/OODB/oodb.odb' is opened by 52725@MacBook-Air-de-Enrique.local

[2026-01-14 20:49:09 #2 store] 
Configuration path: ?

[2026-01-14 20:49:09 #3 type] 
Type Persona is not enhanced.

[2026-01-14 20:49:09 #4 type] 
Type Stock is not enhanced.

[2026-01-14 20:49:09 #5 type] 
Type Pedido is not enhanced.

[2026-01-14 20:49:09 #6 store] 
Database '/Users/enriquepinazomoreno/Documents/IGN_IFM_UGR-25_26/PrimerSemestre/DDSI/2-Seminarios/DDSI_EquipoA/P4/OODB/oodb.odb' is closed by 52725@MacBook-Air-de-Enrique.local

------------------------------------------------------------------------------------------------------------------------

[2026-01-14 20:49:13 #1 store] 
Database '/Users/enriquepinazomoreno/Documents/IGN_IFM_UGR-25_26/PrimerSemestre/DDSI/2-Seminarios/DDSI_EquipoA/P4/OODB/oodb.odb' is opened by 53122@MacBook-Air-de-Enrique.local

[2026-01-14 20:49:13 #2 store] 
Configuration path: ?

[2026-01-14 20:49:13 #3 type] 
Type Persona is not enhanced.

[2026-01-14 20:49:13 #4 type] 
Type Stock is not enhanced.

[2026-01-14 20:49:13 #5 type] 
Type Pedido is not enhanced.

[2026-01-14 20:49:13 #6 store] 
Database '/Users/enriquepinazomoreno/Documents/IGN_IFM_UGR-25_26/PrimerSemestre/DDSI/2-Seminarios/DDSI_EquipoA/P4/OODB/oodb.odb' is closed by 53122@MacBook-Air-de-Enrique.local

------------------------------------------------------------------------------------------------------------------------

[2026-01-14 20:49:27 #1 store] 
Database '/Users/enriquepinazomoreno/Documents/IGN_IFM_UGR-25_26/PrimerSemestre/DDSI/2-Seminarios/DDSI_EquipoA/P4/OODB/oodb.odb' is opened by 53639@MacBook-Air-de-Enrique.local

[2026-01-14 20:49:27 #2 store] 
Configuration path: ?

[2026-01-14 20:49:27 #3 type] 
Type Persona is not enhanced.

[2026-01-14 20:49:27 #4 type] 
Type Stock is not enhanced.

[2026-01-14 20:49:27 #5 type] 
Type Pedido is not enhanced.

------------------------------------------------------------------------------------------------------------------------

[2026-01-14 20:50:13 #1 store] 
Database '/Users/enriquepinazomoreno/Documents/IGN_IFM_UGR-25_26/PrimerSemestre/DDSI/2-Seminarios/DDSI_EquipoA/P4/OODB/oodb.odb' has been recovered (tr. 25-25)

[2026-01-14 20:50:13 #2 store] 
Database '/Users/enriquepinazomoreno/Documents/IGN_IFM_UGR-25_26/PrimerSemestre/DDSI/2-Seminarios/DDSI_EquipoA/P4/OODB/oodb.odb' is opened by 54736@MacBook-Air-de-Enrique.local

[2026-01-14 20:50:13 #3 store] 
Configuration path: ?

[2026-01-14 20:50:13 #4 type] 
Type Persona is not enhanced.

[2026-01-14 20:50:13 #5 type] 
Type Stock is not enhanced.

[2026-01-14 20:50:13 #6 type] 
Type Pedido is not enhanced.

[2026-01-14 20:50:24 #7 store] 
Database '/Users/enriquepinazomoreno/Documents/IGN_IFM_UGR-25_26/PrimerSemestre/DDSI/2-Seminarios/DDSI_EquipoA/P4/OODB/oodb.odb' is closed by 54736@MacBook-Air-de-Enrique.local

------------------------------------------------------------------------------------------------------------------------

[2026-01-14 20:50:31 #1 store] 
Database '/Users/enriquepinazomoreno/Documents/IGN_IFM_UGR-25_26/PrimerSemestre/DDSI/2-Seminarios/DDSI_EquipoA/P4/OODB/oodb.odb' is opened by 55260@MacBook-Air-de-Enrique.local

[2026-01-14 20:50:31 #2 store] 
Configuration path: ?

[2026-01-14 20:50:31 #3 type] 
Type Persona is not enhanced.

[2026-01-14 20:50:31 #4 type] 
Type Stock is not enhanced.

[2026-01-14 20:50:31 #5 type] 
Type Pedido is not enhanced.

[2026-01-14 20:50:44 #6 store] 
Database '/Users/enriquepinazomoreno/Documents/IGN_IFM_UGR-25_26/PrimerSemestre/DDSI/2-Seminarios/DDSI_EquipoA/P4/OODB/oodb.odb' is closed by 55260@MacBook-Air-de-Enrique.local

------------------------------------------------------------------------------------------------------------------------

[2026-01-14 20:50:47 #1 store] 
Database '/Users/enriquepinazomoreno/Documents/IGN_IFM_UGR-25_26/PrimerSemestre/DDSI/2-Seminarios/DDSI_EquipoA/P4/OODB/oodb.odb' is opened by 55778@MacBook-Air-de-Enrique.local

[2026-01-14 20:50:47 #2 store] 
Configuration path: ?

[2026-01-14 20:50:47 #3 type] 
Type Persona is not enhanced.

[2026-01-14 20:50:47 #4 type] 
Type Stock is not enhanced.

[2026-01-14 20:50:47 #5 type] 
Type Pedido is not enhanced.

[2026-01-14 20:50:47 #6 store] 
Database '/Users/enriquepinazomoreno/Documents/IGN_IFM_UGR-25_26/PrimerSemestre/DDSI/2-Seminarios/DDSI_EquipoA/P4/OODB/oodb.odb' is closed by 55778@MacBook-Air-de-Enrique.local

------------------------------------------------------------------------------------------------------------------------

[2026-01-14 20:50:58 #1 store] 
Database '/Users/enriquepinazomoreno/Documents/IGN_IFM_UGR-25_26/PrimerSemestre/DDSI/2-Seminarios/DDSI_EquipoA/P4/OODB/oodb.odb' is opened by 56294@MacBook-Air-de-Enrique.local

[2026-01-14 20:50:58 #2 store] 
Configuration path: ?

[2026-01-14 20:50:58 #3 type] 
Type Persona is not enhanced.

[2026-01-14 20:50:58 #4 type] 
Type Stock is not enhanced.

[2026-01-14 20:50:58 #5 type] 
Type Pedido is not enhanced.

[2026-01-14 20:50:58 #6 store] 
Database '/Users/enriquepinazomoreno/Documents/IGN_IFM_UGR-25_26/PrimerSemestre/DDSI/2-Seminarios/DDSI_EquipoA/P4/OODB/oodb.odb' is closed by 56294@MacBook-Air-de-Enrique.local

------------------------------------------------------------------------------------------------------------------------

[2026-01-14 20:51:09 #1 store] 
Database '/Users/enriquepinazomoreno/Documents/IGN_IFM_UGR-25_26/PrimerSemestre/DDSI/2-Seminarios/DDSI_EquipoA/P4/OODB/oodb.odb' is opened by 56809@MacBook-Air-de-Enrique.local

[2026-01-14 20:51:09 #2 store] 
Configuration path: ?

[2026-01-14 20:51:09 #3 type] 
Type Persona is not enhanced.

[2026-01-14 20:51:09 #4 type] 
Type Stock is not enhanced.

[2026-01-14 20:51:09 #5 type] 
Type Pedido is not enhanced.

------------------------------------------------------------------------------------------------------------------------

[2026-01-14 20:52:04 #1 store] 
Database '/Users/enriquepinazomoreno/Documents/IGN_IFM_UGR-25_26/PrimerSemestre/DDSI/2-Seminarios/DDSI_EquipoA/P4/OODB/oodb.odb' is opened by 57591@MacBook-Air-de-Enrique.local

[2026-01-14 20:52:04 #2 store] 
Configuration path: ?

[2026-01-14 20:52:05 #3 type] 
Type Persona is not enhanced.

[2026-01-14 20:52:05 #4 type] 
Type Stock is not enhanced.

[2026-01-14 20:52:57 #5 type] 
Type Pedido is not enhanced.

[2026-01-14 20:52:57 #6 store] 
Database '/Users/enriquepinazomoreno/Documents/IGN_IFM_UGR-25_26/PrimerSemestre/DDSI/2-Seminarios/DDSI_EquipoA/P4/OODB/oodb.odb' is closed by 57591@MacBook-Air-de-Enrique.local

------------------------------------------------------------------------------------------------------------------------

[2026-01-14 20:54:16 #1 store] 
Database '/Users/enriquepinazomoreno/Documents/IGN_IFM_UGR-25_26/PrimerSemestre/DDSI/2-Seminarios/DDSI_EquipoA/P4/OODB/oodb.odb' is opened by 58068@MacBook-Air-de-Enrique.local

[2026-01-14 20:54:16 #2 store] 
Configuration path: ?

[2026-01-14 20:54:16 #3 type] 
Type Persona is not enhanced.

[2026-01-14 20:54:16 #4 type] 
Type Stock is not enhanced.

[2026-01-14 20:54:16 #5 type] 
Type Pedido is not enhanced.

[2026-01-14 20:54:16 #6 store] 
Database '/Users/enriquepinazomoreno/Documents/IGN_IFM_UGR-25_26/PrimerSemestre/DDSI/2-Seminarios/DDSI_EquipoA/P4/OODB/oodb.odb' is closed by 58068@MacBook-Air-de-Enrique.local

------------------------------------------------------------------------------------------------------------------------

[2026-01-14 20:55:49 #1 store] 
Database '/Users/enriquepinazomoreno/Documents/IGN_IFM_UGR-25_26/PrimerSemestre/DDSI/2-Seminarios/DDSI_EquipoA/P4/OODB/oodb.odb' is opened by 58537@MacBook-Air-de-Enrique.local

[2026-01-14 20:55:49 #2 store] 
Configuration path: ?

[2026-01-14 20:55:49 #3 type] 
Type Persona is not enhanced.

[2026-01-14 20:55:49 #4 type] 
Type Stock is not enhanced.

[2026-01-14 20:55:49 #5 type] 
Type Pedido is not enhanced.

[2026-01-14 20:55:49 #6 store] 
Database '/Users/enriquepinazomoreno/Documents/IGN_IFM_UGR-25_26/PrimerSemestre/DDSI/2-Seminarios/DDSI_EquipoA/P4/OODB/oodb.odb' is closed by 58537@MacBook-Air-de-Enrique.local

------------------------------------------------------------------------------------------------------------------------

[2026-01-14 20:56:06 #1 store] 
Database '/Users/enriquepinazomoreno/Documents/IGN_IFM_UGR-25_26/PrimerSemestre/DDSI/2-Seminarios/DDSI_EquipoA/P4/OODB/oodb.odb' is opened by 58979@MacBook-Air-de-Enrique.local

[2026-01-14 20:56:06 #2 store] 
Configuration path: ?

[2026-01-14 20:56:06 #3 type] 
Type Persona is not enhanced.

[2026-01-14 20:56:06 #4 type] 
Type Stock is not enhanced.

[2026-01-14 20:56:06 #5 type] 
Type Pedido is not enhanced.

[2026-01-14 20:56:06 #6 store] 
Database '/Users/enriquepinazomoreno/Documents/IGN_IFM_UGR-25_26/PrimerSemestre/DDSI/2-Seminarios/DDSI_EquipoA/P4/OODB/oodb.odb' is closed by 58979@MacBook-Air-de-Enrique.local

------------------------------------------------------------------------------------------------------------------------

[2026-01-14 20:58:45 #1 store] 
Database '/Users/enriquepinazomoreno/Documents/IGN_IFM_UGR-25_26/PrimerSemestre/DDSI/2-Seminarios/DDSI_EquipoA/P4/OODB/oodb.odb' is opened by 59465@MacBook-Air-de-Enrique.local

[2026-01-14 20:58:45 #2 store] 
Configuration path: ?

[2026-01-14 20:58:45 #3 type] 
Type Persona is not enhanced.

[2026-01-14 20:58:45 #4 type] 
Type Stock is not enhanced.

[2026-01-14 20:58:45 #5 type] 
Type Pedido is not enhanced.

[2026-01-14 20:58:45 #6 store] 
Database '/Users/enriquepinazomoreno/Documents/IGN_IFM_UGR-25_26/PrimerSemestre/DDSI/2-Seminarios/DDSI_EquipoA/P4/OODB/oodb.odb' is closed by 59465@MacBook-Air-de-Enrique.local

------------------------------------------------------------------------------------------------------------------------

[2026-01-14 20:59:43 #1 store] 
Database '/Users/enriquepinazomoreno/Documents/IGN_IFM_UGR-25_26/PrimerSemestre/DDSI/2-Seminarios/DDSI_EquipoA/P4/OODB/oodb.odb' is opened by 59920@MacBook-Air-de-Enrique.local

[2026-01-14 20:59:43 #2 store] 
Configuration path: ?

[2026-01-14 20:59:43 #3 type] 
Type Persona is not enhanced.

[2026-01-14 20:59:43 #4 type] 
Type Stock is not enhanced.

[2026-01-14 20:59:43 #5 type] 
Type Pedido is not enhanced.

[2026-01-14 20:59:43 #6 store] 
Database '/Users/enriquepinazomoreno/Documents/IGN_IFM_UGR-25_26/PrimerSemestre/DDSI/2-Seminarios/DDSI_EquipoA/P4/OODB/oodb.odb' is closed by 59920@MacBook-Air-de-Enrique.local

------------------------------------------------------------------------------------------------------------------------

[2026-01-14 20:59:49 #1 store] 
Database '/Users/enriquepinazomoreno/Documents/IGN_IFM_UGR-25_26/PrimerSemestre/DDSI/2-Seminarios/DDSI_EquipoA/P4/OODB/oodb.odb' is opened by 60358@MacBook-Air-de-Enrique.local

[2026-01-14 20:59:49 #2 store] 
Configuration path: ?

[2026-01-14 20:59:49 #3 type] 
Type Persona is not enhanced.

[2026-01-14 20:59:49 #4 type] 
Type Stock is not enhanced.

[2026-01-14 20:59:49 #5 type] 
Type Pedido is not enhanced.

[2026-01-14 20:59:49 #6 store] 
Database '/Users/enriquepinazomoreno/Documents/IGN_IFM_UGR-25_26/PrimerSemestre/DDSI/2-Seminarios/DDSI_EquipoA/P4/OODB/oodb.odb' is closed by 60358@MacBook-Air-de-Enrique.local

------------------------------------------------------------------------------------------------------------------------

[2026-01-14 21:00:04 #1 store] 
Database '/Users/enriquepinazomoreno/Documents/IGN_IFM_UGR-25_26/PrimerSemestre/DDSI/2-Seminarios/DDSI_EquipoA/P4/OODB/oodb.odb' is opened by 60797@MacBook-Air-de-Enrique.local

[2026-01-14 21:00:04 #2 store] 
Configuration path: ?

[2026-01-14 21:00:04 #3 type] 
Type Persona is not enhanced.

[2026-01-14 21:00:04 #4 type] 
Type Stock is not enhanced.

[2026-01-14 21:00:04 #5 type] 
Type Pedido is not enhanced.

[2026-01-14 21:00:04 #6 store] 
Database '/Users/enriquepinazomoreno/Documents/IGN_IFM_UGR-25_26/PrimerSemestre/DDSI/2-Seminarios/DDSI_EquipoA/P4/OODB/oodb.odb' is closed by 60797@MacBook-Air-de-Enrique.local

------------------------------------------------------------------------------------------------------------------------

[2026-01-14 21:05:02 #1 store] 
Database '/Users/enriquepinazomoreno/Documents/IGN_IFM_UGR-25_26/PrimerSemestre/DDSI/2-Seminarios/DDSI_EquipoA/P4/OODB/oodb.odb' is opened by 61318@MacBook-Air-de-Enrique.local

[2026-01-14 21:05:02 #2 store] 
Configuration path: ?

[2026-01-14 21:05:02 #3 type] 
Type Persona is not enhanced.

[2026-01-14 21:05:02 #4 type] 
Type Stock is not enhanced.

[2026-01-14 21:05:02 #5 type] 
Type Pedido is not enhanced.

[2026-01-14 21:05:02 #6 store] 
Database '/Users/enriquepinazomoreno/Documents/IGN_IFM_UGR-25_26/PrimerSemestre/DDSI/2-Seminarios/DDSI_EquipoA/P4/OODB/oodb.odb' is closed by 61318@MacBook-Air-de-Enrique.local

------------------------------------------------------------------------------------------------------------------------

[2026-01-14 21:06:22 #1 store] 
Database '/Users/enriquepinazomoreno/Documents/IGN_IFM_UGR-25_26/PrimerSemestre/DDSI/2-Seminarios/DDSI_EquipoA/P4/OODB/oodb.odb' is opened by 61790@MacBook-Air-de-Enrique.local

[2026-01-14 21:06:22 #2 store] 
Configuration path: ?

[2026-01-14 21:06:22 #3 type] 
Type Persona is not enhanced.

[2026-01-14 21:06:22 #4 type] 
Type Stock is not enhanced.

[2026-01-14 21:06:22 #5 type] 
Type Pedido is not enhanced.

[2026-01-14 21:06:22 #6 store] 
Database '/Users/enriquepinazomoreno/Documents/IGN_IFM_UGR-25_26/PrimerSemestre/DDSI/2-Seminarios/DDSI_EquipoA/P4/OODB/oodb.odb' is closed by 61790@MacBook-Air-de-Enrique.local

------------------------------------------------------------------------------------------------------------------------

[2026-01-14 21:06:51 #1 store] 
Database '/Users/enriquepinazomoreno/Documents/IGN_IFM_UGR-25_26/PrimerSemestre/DDSI/2-Seminarios/DDSI_EquipoA/P4/OODB/oodb.odb' is opened by 62233@MacBook-Air-de-Enrique.local

[2026-01-14 21:06:51 #2 store] 
Configuration path: ?

[2026-01-14 21:06:51 #3 type] 
Type Persona is not enhanced.

[2026-01-14 21:06:51 #4 type] 
Type Stock is not enhanced.

[2026-01-14 21:06:51 #5 type] 
Type Pedido is not enhanced.

[2026-01-14 21:06:51 #6 store] 
Database '/Users/enriquepinazomoreno/Documents/IGN_IFM_UGR-25_26/PrimerSemestre/DDSI/2-Seminarios/DDSI_EquipoA/P4/OODB/oodb.odb' is closed by 62233@MacBook-Air-de-Enrique.local

------------------------------------------------------------------------------------------------------------------------

[2026-01-14 21:07:06 #1 store] 
Database '/Users/enriquepinazomoreno/Documents/IGN_IFM_UGR-25_26/PrimerSemestre/DDSI/2-Seminarios/DDSI_EquipoA/P4/OODB/oodb.odb' is opened by 62818@MacBook-Air-de-Enrique.local

[2026-01-14 21:07:06 #2 store] 
Configuration path: ?

[2026-01-14 21:07:06 #3 type] 
Type Persona is not enhanced.

[2026-01-14 21:07:06 #4 type] 
Type Stock is not enhanced.

[2026-01-14 21:07:06 #5 type] 
Type Pedido is not enhanced.

[2026-01-14 21:07:06 #6 store] 
Database '/Users/enriquepinazomoreno/Documents/IGN_IFM_UGR-25_26/PrimerSemestre/DDSI/2-Seminarios/DDSI_EquipoA/P4/OODB/oodb.odb' is closed by 62818@MacBook-Air-de-Enrique.local

------------------------------------------------------------------------------------------------------------------------

[2026-01-14 21:08:44 #1 store] 
Database '/Users/enriquepinazomoreno/Documents/IGN_IFM_UGR-25_26/PrimerSemestre/DDSI/2-Seminarios/DDSI_EquipoA/P4/OODB/oodb.odb' is opened by 63282@MacBook-Air-de-Enrique.local

[2026-01-14 21:08:44 #2 store] 
Configuration path: ?

[2026-01-14 21:08:44 #3 type] 
Type Persona is not enhanced.

[2026-01-14 21:08:44 #4 type] 
Type Stock is not enhanced.

[2026-01-14 21:08:44 #5 type] 
Type Pedido is not enhanced.

[2026-01-14 21:08:44 #6 store] 
Database '/Users/enriquepinazomoreno/Documents/IGN_IFM_UGR-25_26/PrimerSemestre/DDSI/2-Seminarios/DDSI_EquipoA/P4/OODB/oodb.odb' is closed by 63282@MacBook-Air-de-Enrique.local

------------------------------------------------------------------------------------------------------------------------

[2026-01-14 21:09:08 #1 store] 
Database '/Users/enriquepinazomoreno/Documents/IGN_IFM_UGR-25_26/PrimerSemestre/DDSI/2-Seminarios/DDSI_EquipoA/P4/OODB/oodb.odb' is opened by 63725@MacBook-Air-de-Enrique.local

[2026-01-14 21:09:08 #2 store] 
Configuration path: ?

[2026-01-14 21:09:08 #3 type] 
Type Persona is not enhanced.

[2026-01-14 21:09:08 #4 type] 
Type Stock is not enhanced.

[2026-01-14 21:09:08 #5 type] 
Type Pedido is not enhanced.

[2026-01-14 21:09:08 #6 store] 
Database '/Users/enriquepinazomoreno/Documents/IGN_IFM_UGR-25_26/PrimerSemestre/DDSI/2-Seminarios/DDSI_EquipoA/P4/OODB/oodb.odb' is closed by 63725@MacBook-Air-de-Enrique.local

------------------------------------------------------------------------------------------------------------------------

[2026-01-14 21:10:27 #1 store] 
Database '/Users/enriquepinazomoreno/Documents/IGN_IFM_UGR-25_26/PrimerSemestre/DDSI/2-Seminarios/DDSI_EquipoA/P4/OODB/oodb.odb' is opened by 64188@MacBook-Air-de-Enrique.local

[2026-01-14 21:10:27 #2 store] 
Configuration path: ?

[2026-01-14 21:10:27 #3 type] 
Type Persona is not enhanced.

[2026-01-14 21:10:27 #4 type] 
Type Stock is not enhanced.

[2026-01-14 21:10:27 #5 type] 
Type Pedido is not enhanced.

[2026-01-14 21:10:27 #6 store] 
Database '/Users/enriquepinazomoreno/Documents/IGN_IFM_UGR-25_26/PrimerSemestre/DDSI/2-Seminarios/DDSI_EquipoA/P4/OODB/oodb.odb' is closed by 64188@MacBook-Air-de-Enrique.local

------------------------------------------------------------------------------------------------------------------------

[2026-01-14 21:11:17 #1 store] 
Database '/Users/enriquepinazomoreno/Documents/IGN_IFM_UGR-25_26/PrimerSemestre/DDSI/2-Seminarios/DDSI_EquipoA/P4/OODB/oodb.odb' is opened by 64639@MacBook-Air-de-Enrique.local

[2026-01-14 21:11:17 #2 store] 
Configuration path: ?

[2026-01-14 21:11:17 #3 type] 
Type Persona is not enhanced.

[2026-01-14 21:11:17 #4 type] 
Type Stock is not enhanced.

[2026-01-14 21:11:17 #5 type] 
Type Pedido is not enhanced.

[2026-01-14 21:11:17 #6 store] 
Database '/Users/enriquepinazomoreno/Documents/IGN_IFM_UGR-25_26/PrimerSemestre/DDSI/2-Seminarios/DDSI_EquipoA/P4/OODB/oodb.odb' is closed by 64639@MacBook-Air-de-Enrique.local

------------------------------------------------------------------------------------------------------------------------

[2026-01-14 21:11:42 #1 store] 
Database '/Users/enriquepinazomoreno/Documents/IGN_IFM_UGR-25_26/PrimerSemestre/DDSI/2-Seminarios/DDSI_EquipoA/P4/OODB/oodb.odb' is opened by 65090@MacBook-Air-de-Enrique.local

[2026-01-14 21:11:42 #2 store] 
Configuration path: ?

[2026-01-14 21:11:42 #3 type] 
Type Persona is not enhanced.

[2026-01-14 21:11:42 #4 type] 
Type Stock is not enhanced.

[2026-01-14 21:11:42 #5 type] 
Type Pedido is not enhanced.

[2026-01-14 21:11:42 #6 store] 
Database '/Users/enriquepinazomoreno/Documents/IGN_IFM_UGR-25_26/PrimerSemestre/DDSI/2-Seminarios/DDSI_EquipoA/P4/OODB/oodb.odb' is closed by 65090@MacBook-Air-de-Enrique.local

------------------------------------------------------------------------------------------------------------------------

[2026-01-14 21:12:04 #1 store] 
Database '/Users/enriquepinazomoreno/Documents/IGN_IFM_UGR-25_26/PrimerSemestre/DDSI/2-Seminarios/DDSI_EquipoA/P4/OODB/oodb.odb' is opened by 65533@MacBook-Air-de-Enrique.local

[2026-01-14 21:12:04 #2 store] 
Configuration path: ?

[2026-01-14 21:12:05 #3 type] 
Type Persona is not enhanced.

[2026-01-14 21:12:05 #4 type] 
Type Stock is not enhanced.

[2026-01-14 21:12:05 #5 type] 
Type Pedido is not enhanced.

------------------------------------------------------------------------------------------------------------------------

[2026-01-14 21:12:32 #1 store] 
Database '/Users/enriquepinazomoreno/Documents/IGN_IFM_UGR-25_26/PrimerSemestre/DDSI/2-Seminarios/DDSI_EquipoA/P4/OODB/oodb.odb' has been recovered (tr. 33-33)

[2026-01-14 21:12:32 #2 store] 
Database '/Users/enriquepinazomoreno/Documents/IGN_IFM_UGR-25_26/PrimerSemestre/DDSI/2-Seminarios/DDSI_EquipoA/P4/OODB/oodb.odb' is opened by 65975@MacBook-Air-de-Enrique.local

[2026-01-14 21:12:32 #3 store] 
Configuration path: ?

[2026-01-14 21:12:32 #4 type] 
Type Persona is not enhanced.

[2026-01-14 21:12:32 #5 type] 
Type Stock is not enhanced.

[2026-01-14 21:12:32 #6 type] 
Type Pedido is not enhanced.

[2026-01-14 21:12:32 #7 store] 
Database '/Users/enriquepinazomoreno/Documents/IGN_IFM_UGR-25_26/PrimerSemestre/DDSI/2-Seminarios/DDSI_EquipoA/P4/OODB/oodb.odb' is closed by 65975@MacBook-Air-de-Enrique.local

------------------------------------------------------------------------------------------------------------------------

[2026-01-14 21:13:07 #1 store] 
Database '/Users/enriquepinazomoreno/Documents/IGN_IFM_UGR-25_26/PrimerSemestre/DDSI/2-Seminarios/DDSI_EquipoA/P4/OODB/oodb.odb' is opened by 66418@MacBook-Air-de-Enrique.local

[2026-01-14 21:13:07 #2 store] 
Configuration path: ?

[2026-01-14 21:13:07 #3 type] 
Type Persona is not enhanced.

[2026-01-14 21:13:07 #4 type] 
Type Stock is not enhanced.

[2026-01-14 21:13:07 #5 type] 
Type Pedido is not enhanced.

[2026-01-14 21:13:07 #6 store] 
Database '/Users/enriquepinazomoreno/Documents/IGN_IFM_UGR-25_26/PrimerSemestre/DDSI/2-Seminarios/DDSI_EquipoA/P4/OODB/oodb.odb' is closed by 66418@MacBook-Air-de-Enrique.local

------------------------------------------------------------------------------------------------------------------------

[2026-01-14 21:13:14 #1 store] 
Database '/Users/enriquepinazomoreno/Documents/IGN_IFM_UGR-25_26/PrimerSemestre/DDSI/2-Seminarios/DDSI_EquipoA/P4/OODB/oodb.odb' is opened by 66856@MacBook-Air-de-Enrique.local

[2026-01-14 21:13:14 #2 store] 
Configuration path: ?

[2026-01-14 21:13:14 #3 type] 
Type Persona is not enhanced.

[2026-01-14 21:13:14 #4 type] 
Type Stock is not enhanced.

[2026-01-14 21:13:14 #5 type] 
Type Pedido is not enhanced.

[2026-01-14 21:13:14 #6 store] 
Database '/Users/enriquepinazomoreno/Documents/IGN_IFM_UGR-25_26/PrimerSemestre/DDSI/2-Seminarios/DDSI_EquipoA/P4/OODB/oodb.odb' is closed by 66856@MacBook-Air-de-Enrique.local

------------------------------------------------------------------------------------------------------------------------

[2026-01-14 21:13:49 #1 store] 
Database '/Users/enriquepinazomoreno/Documents/IGN_IFM_UGR-25_26/PrimerSemestre/DDSI/2-Seminarios/DDSI_EquipoA/P4/OODB/oodb.odb' is opened by 67304@MacBook-Air-de-Enrique.local

[2026-01-14 21:13:49 #2 store] 
Configuration path: ?

[2026-01-14 21:13:49 #3 type] 
Type Persona is not enhanced.

[2026-01-14 21:13:49 #4 type] 
Type Stock is not enhanced.

[2026-01-14 21:13:49 #5 type] 
Type Pedido is not enhanced.

[2026-01-14 21:13:49 #6 store] 
Database '/Users/enriquepinazomoreno/Documents/IGN_IFM_UGR-25_26/PrimerSemestre/DDSI/2-Seminarios/DDSI_EquipoA/P4/OODB/oodb.odb' is closed by 67304@MacBook-Air-de-Enrique.local

------------------------------------------------------------------------------------------------------------------------

[2026-01-14 21:14:18 #1 store] 
Database '/Users/enriquepinazomoreno/Documents/IGN_IFM_UGR-25_26/PrimerSemestre/DDSI/2-Seminarios/DDSI_EquipoA/P4/OODB/oodb.odb' is opened by 67748@MacBook-Air-de-Enrique.local

[2026-01-14 21:14:18 #2 store] 
Configuration path: ?

[2026-01-14 21:14:18 #3 type] 
Type Persona is not enhanced.

[2026-01-14 21:14:18 #4 type] 
Type Stock is not enhanced.

[2026-01-14 21:14:18 #5 type] 
Type Pedido is not enhanced.

[2026-01-14 21:14:18 #6 store] 
Database '/Users/enriquepinazomoreno/Documents/IGN_IFM_UGR-25_26/PrimerSemestre/DDSI/2-Seminarios/DDSI_EquipoA/P4/OODB/oodb.odb' is closed by 67748@MacBook-Air-de-Enrique.local

------------------------------------------------------------------------------------------------------------------------

[2026-01-14 21:14:29 #1 store] 
Database '/Users/enriquepinazomoreno/Documents/IGN_IFM_UGR-25_26/PrimerSemestre/DDSI/2-Seminarios/DDSI_EquipoA/P4/OODB/oodb.odb' is opened by 68187@MacBook-Air-de-Enrique.local

[2026-01-14 21:14:29 #2 store] 
Configuration path: ?

[2026-01-14 21:14:29 #3 type] 
Type Persona is not enhanced.

[2026-01-14 21:14:29 #4 type] 
Type Stock is not enhanced.

[2026-01-14 21:14:29 #5 type] 
Type Pedido is not enhanced.

[2026-01-14 21:14:29 #6 store] 
Database '/Users/enriquepinazomoreno/Documents/IGN_IFM_UGR-25_26/PrimerSemestre/DDSI/2-Seminarios/DDSI_EquipoA/P4/OODB/oodb.odb' is closed by 68187@MacBook-Air-de-Enrique.local

------------------------------------------------------------------------------------------------------------------------

[2026-01-14 21:14:58 #1 store] 
Database '/Users/enriquepinazomoreno/Documents/IGN_IFM_UGR-25_26/PrimerSemestre/DDSI/2-Seminarios/DDSI_EquipoA/P4/OODB/oodb.odb' is opened by 68628@MacBook-Air-de-Enrique.local

[2026-01-14 21:14:58 #2 store] 
Configuration path: ?

[2026-01-14 21:14:58 #3 type] 
Type Persona is not enhanced.

[2026-01-14 21:14:58 #4 type] 
Type Stock is not enhanced.

[2026-01-14 21:14:58 #5 type] 
Type Pedido is not enhanced.

[2026-01-14 21:14:58 #6 store] 
Database '/Users/enriquepinazomoreno/Documents/IGN_IFM_UGR-25_26/PrimerSemestre/DDSI/2-Seminarios/DDSI_EquipoA/P4/OODB/oodb.odb' is closed by 68628@MacBook-Air-de-Enrique.local

------------------------------------------------------------------------------------------------------------------------

[2026-01-14 21:15:11 #1 store] 
Database '/Users/enriquepinazomoreno/Documents/IGN_IFM_UGR-25_26/PrimerSemestre/DDSI/2-Seminarios/DDSI_EquipoA/P4/OODB/oodb.odb' is opened by 69067@MacBook-Air-de-Enrique.local

[2026-01-14 21:15:11 #2 store] 
Configuration path: ?

[2026-01-14 21:15:11 #3 type] 
Type Persona is not enhanced.

[2026-01-14 21:15:11 #4 type] 
Type Stock is not enhanced.

[2026-01-14 21:15:11 #5 type] 
Type Pedido is not enhanced.

[2026-01-14 21:15:11 #6 store] 
Database '/Users/enriquepinazomoreno/Documents/IGN_IFM_UGR-25_26/PrimerSemestre/DDSI/2-Seminarios/DDSI_EquipoA/P4/OODB/oodb.odb' is closed by 69067@MacBook-Air-de-Enrique.local

------------------------------------------------------------------------------------------------------------------------

[2026-01-14 21:15:31 #1 store] 
Database '/Users/enriquepinazomoreno/Documents/IGN_IFM_UGR-25_26/PrimerSemestre/DDSI/2-Seminarios/DDSI_EquipoA/P4/OODB/oodb.odb' is opened by 69507@MacBook-Air-de-Enrique.local

[2026-01-14 21:15:31 #2 store] 
Configuration path: ?

[2026-01-14 21:15:31 #3 type] 
Type Persona is not enhanced.

[2026-01-14 21:15:31 #4 type] 
Type Stock is not enhanced.

[2026-01-14 21:15:31 #5 type] 
Type Pedido is not enhanced.

[2026-01-14 21:15:31 #6 store] 
Database '/Users/enriquepinazomoreno/Documents/IGN_IFM_UGR-25_26/PrimerSemestre/DDSI/2-Seminarios/DDSI_EquipoA/P4/OODB/oodb.odb' is closed by 69507@MacBook-Air-de-Enrique.local

------------------------------------------------------------------------------------------------------------------------

[2026-01-14 21:15:46 #1 store] 
Database '/Users/enriquepinazomoreno/Documents/IGN_IFM_UGR-25_26/PrimerSemestre/DDSI/2-Seminarios/DDSI_EquipoA/P4/OODB/oodb.odb' is opened by 69948@MacBook-Air-de-Enrique.local

[2026-01-14 21:15:46 #2 store] 
Configuration path: ?

[2026-01-14 21:15:46 #3 type] 
Type Persona is not enhanced.

[2026-01-14 21:15:46 #4 type] 
Type Stock is not enhanced.

[2026-01-14 21:15:46 #5 type] 
Type Pedido is not enhanced.

[2026-01-14 21:15:46 #6 store] 
Database '/Users/enriquepinazomoreno/Documents/IGN_IFM_UGR-25_26/PrimerSemestre/DDSI/2-Seminarios/DDSI_EquipoA/P4/OODB/oodb.odb' is closed by 69948@MacBook-Air-de-Enrique.local

------------------------------------------------------------------------------------------------------------------------

[2026-01-14 21:20:04 #1 store] 
Database '/Users/enriquepinazomoreno/Documents/IGN_IFM_UGR-25_26/PrimerSemestre/DDSI/2-Seminarios/DDSI_EquipoA/P4/OODB/oodb.odb' is opened by 70465@MacBook-Air-de-Enrique.local

[2026-01-14 21:20:04 #2 store] 
Configuration path: ?

[2026-01-14 21:20:04 #3 type] 
Type Persona is not enhanced.

[2026-01-14 21:20:04 #4 type] 
Type Stock is not enhanced.

[2026-01-14 21:20:04 #5 type] 
Type Pedido is not enhanced.

[2026-01-14 21:20:04 #6 store] 
Database '/Users/enriquepinazomoreno/Documents/IGN_IFM_UGR-25_26/PrimerSemestre/DDSI/2-Seminarios/DDSI_EquipoA/P4/OODB/oodb.odb' is closed by 70465@MacBook-Air-de-Enrique.local

------------------------------------------------------------------------------------------------------------------------

[2026-01-14 21:22:24 #1 store] 
Database '/Users/enriquepinazomoreno/Documents/IGN_IFM_UGR-25_26/PrimerSemestre/DDSI/2-Seminarios/DDSI_EquipoA/P4/OODB/oodb.odb' is opened by 70945@MacBook-Air-de-Enrique.local

[2026-01-14 21:22:24 #2 store] 
Configuration path: ?

[2026-01-14 21:22:24 #3 type] 
Type Persona is not enhanced.

[2026-01-14 21:22:24 #4 type] 
Type Stock is not enhanced.

[2026-01-14 21:22:24 #5 type] 
Type Pedido is not enhanced.

[2026-01-14 21:22:24 #6 store] 
Database '/Users/enriquepinazomoreno/Documents/IGN_IFM_UGR-25_26/PrimerSemestre/DDSI/2-Seminarios/DDSI_EquipoA/P4/OODB/oodb.odb' is closed by 70945@MacBook-Air-de-Enrique.local

------------------------------------------------------------------------------------------------------------------------

[2026-01-14 21:24:33 #1 store] 
Database '/Users/enriquepinazomoreno/Documents/IGN_IFM_UGR-25_26/PrimerSemestre/DDSI/2-Seminarios/DDSI_EquipoA/P4/OODB/oodb.odb' is opened by 71419@MacBook-Air-de-Enrique.local

[2026-01-14 21:24:33 #2 store] 
Configuration path: ?

[2026-01-14 21:24:33 #3 type] 
Type Persona is not enhanced.

[2026-01-14 21:24:33 #4 type] 
Type Stock is not enhanced.

[2026-01-14 21:24:33 #5 type] 
Type Pedido is not enhanced.

[2026-01-14 21:24:33 #6 store] 
Database '/Users/enriquepinazomoreno/Documents/IGN_IFM_UGR-25_26/PrimerSemestre/DDSI/2-Seminarios/DDSI_EquipoA/P4/OODB/oodb.odb' is closed by 71419@MacBook-Air-de-Enrique.local

------------------------------------------------------------------------------------------------------------------------

[2026-01-14 21:25:17 #1 store] 
Database '/Users/enriquepinazomoreno/Documents/IGN_IFM_UGR-25_26/PrimerSemestre/DDSI/2-Seminarios/DDSI_EquipoA/P4/OODB/oodb.odb' is opened by 71878@MacBook-Air-de-Enrique.local

[2026-01-14 21:25:17 #2 store] 
Configuration path: ?

[2026-01-14 21:25:17 #3 type] 
Type Persona is not enhanced.

[2026-01-14 21:25:17 #4 type] 
Type Stock is not enhanced.

[2026-01-14 21:25:17 #5 type] 
Type Pedido is not enhanced.

[2026-01-14 21:25:17 #6 store] 
Database '/Users/enriquepinazomoreno/Documents/IGN_IFM_UGR-25_26/PrimerSemestre/DDSI/2-Seminarios/DDSI_EquipoA/P4/OODB/oodb.odb' is closed by 71878@MacBook-Air-de-Enrique.local

------------------------------------------------------------------------------------------------------------------------

[2026-01-14 21:27:27 #1 store] 
Database '/Users/enriquepinazomoreno/Documents/IGN_IFM_UGR-25_26/PrimerSemestre/DDSI/2-Seminarios/DDSI_EquipoA/P4/OODB/oodb.odb' is opened by 73216@MacBook-Air-de-Enrique.local

[2026-01-14 21:27:27 #2 store] 
Configuration path: ?

[2026-01-14 21:27:27 #3 type] 
Type Persona is not enhanced.

[2026-01-14 21:27:27 #4 type] 
Type Stock is not enhanced.

[2026-01-14 21:27:27 #5 type] 
Type Pedido is not enhanced.

[2026-01-14 21:27:27 #6 store] 
Database '/Users/enriquepinazomoreno/Documents/IGN_IFM_UGR-25_26/PrimerSemestre/DDSI/2-Seminarios/DDSI_EquipoA/P4/OODB/oodb.odb' is closed by 73216@MacBook-Air-de-Enrique.local

------------------------------------------------------------------------------------------------------------------------

[2026-01-14 21:28:01 #1 store] 
Database '/Users/enriquepinazomoreno/Documents/IGN_IFM_UGR-25_26/PrimerSemestre/DDSI/2-Seminarios/DDSI_EquipoA/P4/OODB/oodb.odb' is opened by 73661@MacBook-Air-de-Enrique.local

[2026-01-14 21:28:01 #2 store] 
Configuration path: ?

[2026-01-14 21:28:02 #3 type] 
Type Persona is not enhanced.

[2026-01-14 21:28:02 #4 type] 
Type Stock is not enhanced.

[2026-01-14 21:28:02 #5 type] 
Type Pedido is not enhanced.

[2026-01-14 21:28:02 #6 store] 
Database '/Users/enriquepinazomoreno/Documents/IGN_IFM_UGR-25_26/PrimerSemestre/DDSI/2-Seminarios/DDSI_EquipoA/P4/OODB/oodb.odb' is closed by 73661@MacBook-Air-de-Enrique.local

------------------------------------------------------------------------------------------------------------------------

[2026-01-14 21:28:17 #1 store] 
Database '/Users/enriquepinazomoreno/Documents/IGN_IFM_UGR-25_26/PrimerSemestre/DDSI/2-Seminarios/DDSI_EquipoA/P4/OODB/oodb.odb' is opened by 74102@MacBook-Air-de-Enrique.local

[2026-01-14 21:28:17 #2 store] 
Configuration path: ?

[2026-01-14 21:28:17 #3 type] 
Type Persona is not enhanced.

[2026-01-14 21:28:17 #4 type] 
Type Stock is not enhanced.

[2026-01-14 21:28:17 #5 type] 
Type Pedido is not enhanced.

[2026-01-14 21:28:17 #6 store] 
Database '/Users/enriquepinazomoreno/Documents/IGN_IFM_UGR-25_26/PrimerSemestre/DDSI/2-Seminarios/DDSI_EquipoA/P4/OODB/oodb.odb' is closed by 74102@MacBook-Air-de-Enrique.local

------------------------------------------------------------------------------------------------------------------------

[2026-01-14 21:29:27 #1 store] 
Database '/Users/enriquepinazomoreno/Documents/IGN_IFM_UGR-25_26/PrimerSemestre/DDSI/2-Seminarios/DDSI_EquipoA/P4/OODB/oodb.odb' is opened by 74568@MacBook-Air-de-Enrique.local

[2026-01-14 21:29:27 #2 store] 
Configuration path: ?

[2026-01-14 21:29:27 #3 type] 
Type Persona is not enhanced.

[2026-01-14 21:29:27 #4 type] 
Type Stock is not enhanced.

[2026-01-14 21:29:27 #5 type] 
Type Pedido is not enhanced.

[2026-01-14 21:29:27 #6 store] 
Database '/Users/enriquepinazomoreno/Documents/IGN_IFM_UGR-25_26/PrimerSemestre/DDSI/2-Seminarios/DDSI_EquipoA/P4/OODB/oodb.odb' is closed by 74568@MacBook-Air-de-Enrique.local

------------------------------------------------------------------------------------------------------------------------

[2026-01-14 21:31:23 #1 store] 
Database '/Users/enriquepinazomoreno/Documents/IGN_IFM_UGR-25_26/PrimerSemestre/DDSI/2-Seminarios/DDSI_EquipoA/P4/OODB/oodb.odb' is opened by 75042@MacBook-Air-de-Enrique.local

[2026-01-14 21:31:23 #2 store] 
Configuration path: ?

[2026-01-14 21:31:23 #3 type] 
Type Persona is not enhanced.

[2026-01-14 21:31:23 #4 type] 
Type Stock is not enhanced.

[2026-01-14 21:31:23 #5 type] 
Type Pedido is not enhanced.

[2026-01-14 21:31:23 #6 store] 
Database '/Users/enriquepinazomoreno/Documents/IGN_IFM_UGR-25_26/PrimerSemestre/DDSI/2-Seminarios/DDSI_EquipoA/P4/OODB/oodb.odb' is closed by 75042@MacBook-Air-de-Enrique.local

------------------------------------------------------------------------------------------------------------------------

[2026-01-14 21:31:27 #1 store] 
Database '/Users/enriquepinazomoreno/Documents/IGN_IFM_UGR-25_26/PrimerSemestre/DDSI/2-Seminarios/DDSI_EquipoA/P4/OODB/oodb.odb' is opened by 75477@MacBook-Air-de-Enrique.local

[2026-01-14 21:31:27 #2 store] 
Configuration path: ?

[2026-01-14 21:31:27 #3 type] 
Type Persona is not enhanced.

[2026-01-14 21:31:27 #4 type] 
Type Stock is not enhanced.

[2026-01-14 21:31:27 #5 type] 
Type Pedido is not enhanced.

[2026-01-14 21:31:27 #6 store] 
Database '/Users/enriquepinazomoreno/Documents/IGN_IFM_UGR-25_26/PrimerSemestre/DDSI/2-Seminarios/DDSI_EquipoA/P4/OODB/oodb.odb' is closed by 75477@MacBook-Air-de-Enrique.local

------------------------------------------------------------------------------------------------------------------------

[2026-01-14 21:31:28 #1 store] 
Database '/Users/enriquepinazomoreno/Documents/IGN_IFM_UGR-25_26/PrimerSemestre/DDSI/2-Seminarios/DDSI_EquipoA/P4/OODB/oodb.odb' is opened by 75908@MacBook-Air-de-Enrique.local

[2026-01-14 21:31:28 #2 store] 
Configuration path: ?

[2026-01-14 21:31:28 #3 type] 
Type Persona is not enhanced.

[2026-01-14 21:31:28 #4 type] 
Type Stock is not enhanced.

[2026-01-14 21:31:28 #5 type] 
Type Pedido is not enhanced.

[2026-01-14 21:31:28 #6 store] 
Database '/Users/enriquepinazomoreno/Documents/IGN_IFM_UGR-25_26/PrimerSemestre/DDSI/2-Seminarios/DDSI_EquipoA/P4/OODB/oodb.odb' is closed by 75908@MacBook-Air-de-Enrique.local

------------------------------------------------------------------------------------------------------------------------

[2026-01-14 21:31:29 #1 store] 
Database '/Users/enriquepinazomoreno/Documents/IGN_IFM_UGR-25_26/PrimerSemestre/DDSI/2-Seminarios/DDSI_EquipoA/P4/OODB/oodb.odb' is opened by 76342@MacBook-Air-de-Enrique.local

[2026-01-14 21:31:29 #2 store] 
Configuration path: ?

[2026-01-14 21:31:29 #3 type] 
Type Persona is not enhanced.

[2026-01-14 21:31:29 #4 type] 
Type Stock is not enhanced.

[2026-01-14 21:31:29 #5 type] 
Type Pedido is not enhanced.

[2026-01-14 21:31:29 #6 store] 
Database '/Users/enriquepinazomoreno/Documents/IGN_IFM_UGR-25_26/PrimerSemestre/DDSI/2-Seminarios/DDSI_EquipoA/P4/OODB/oodb.odb' is closed by 76342@MacBook-Air-de-Enrique.local

------------------------------------------------------------------------------------------------------------------------

[2026-01-14 21:32:47 #1 store] 
Database '/Users/enriquepinazomoreno/Documents/IGN_IFM_UGR-25_26/PrimerSemestre/DDSI/2-Seminarios/DDSI_EquipoA/P4/OODB/oodb.odb' is opened by 76801@MacBook-Air-de-Enrique.local

[2026-01-14 21:32:47 #2 store] 
Configuration path: ?

[2026-01-14 21:32:47 #3 type] 
Type Persona is not enhanced.

[2026-01-14 21:32:47 #4 type] 
Type Stock is not enhanced.

[2026-01-14 21:32:47 #5 type] 
Type Pedido is not enhanced.

[2026-01-14 21:32:47 #6 store] 
Database '/Users/enriquepinazomoreno/Documents/IGN_IFM_UGR-25_26/PrimerSemestre/DDSI/2-Seminarios/DDSI_EquipoA/P4/OODB/oodb.odb' is closed by 76801@MacBook-Air-de-Enrique.local

------------------------------------------------------------------------------------------------------------------------

[2026-01-14 21:32:52 #1 store] 
Database '/Users/enriquepinazomoreno/Documents/IGN_IFM_UGR-25_26/PrimerSemestre/DDSI/2-Seminarios/DDSI_EquipoA/P4/OODB/oodb.odb' is opened by 77237@MacBook-Air-de-Enrique.local

[2026-01-14 21:32:52 #2 store] 
Configuration path: ?

[2026-01-14 21:32:52 #3 type] 
Type Persona is not enhanced.

[2026-01-14 21:32:52 #4 type] 
Type Stock is not enhanced.

[2026-01-14 21:32:52 #5 type] 
Type Pedido is not enhanced.

[2026-01-14 21:32:52 #6 store] 
Database '/Users/enriquepinazomoreno/Documents/IGN_IFM_UGR-25_26/PrimerSemestre/DDSI/2-Seminarios/DDSI_EquipoA/P4/OODB/oodb.odb' is closed by 77237@MacBook-Air-de-Enrique.local

------------------------------------------------------------------------------------------------------------------------

[2026-01-14 21:33:26 #1 store] 
Database '/Users/enriquepinazomoreno/Documents/IGN_IFM_UGR-25_26/PrimerSemestre/DDSI/2-Seminarios/DDSI_EquipoA/P4/OODB/oodb.odb' is opened by 77683@MacBook-Air-de-Enrique.local

[2026-01-14 21:33:26 #2 store] 
Configuration path: ?

[2026-01-14 21:33:26 #3 type] 
Type Persona is not enhanced.

[2026-01-14 21:33:26 #4 type] 
Type Stock is not enhanced.

[2026-01-14 21:33:26 #5 type] 
Type Pedido is not enhanced.

[2026-01-14 21:33:26 #6 store] 
Database '/Users/enriquepinazomoreno/Documents/IGN_IFM_UGR-25_26/PrimerSemestre/DDSI/2-Seminarios/DDSI_EquipoA/P4/OODB/oodb.odb' is closed by 77683@MacBook-Air-de-Enrique.local

------------------------------------------------------------------------------------------------------------------------

[2026-01-14 21:33:40 #1 store] 
Database '/Users/enriquepinazomoreno/Documents/IGN_IFM_UGR-25_26/PrimerSemestre/DDSI/2-Seminarios/DDSI_EquipoA/P4/OODB/oodb.odb' is opened by 78121@MacBook-Air-de-Enrique.local

[2026-01-14 21:33:40 #2 store] 
Configuration path: ?

[2026-01-14 21:33:40 #3 type] 
Type Persona is not enhanced.

[2026-01-14 21:33:40 #4 type] 
Type Stock is not enhanced.

[2026-01-14 21:33:40 #5 type] 
Type Pedido is not enhanced.

[2026-01-14 21:33:40 #6 store] 
Database '/Users/enriquepinazomoreno/Documents/IGN_IFM_UGR-25_26/PrimerSemestre/DDSI/2-Seminarios/DDSI_EquipoA/P4/OODB/oodb.odb' is closed by 78121@MacBook-Air-de-Enrique.local

------------------------------------------------------------------------------------------------------------------------

[2026-01-14 21:33:41 #1 store] 
Database '/Users/enriquepinazomoreno/Documents/IGN_IFM_UGR-25_26/PrimerSemestre/DDSI/2-Seminarios/DDSI_EquipoA/P4/OODB/oodb.odb' is opened by 78552@MacBook-Air-de-Enrique.local

[2026-01-14 21:33:41 #2 store] 
Configuration path: ?

[2026-01-14 21:33:41 #3 type] 
Type Persona is not enhanced.

[2026-01-14 21:33:41 #4 type] 
Type Stock is not enhanced.

[2026-01-14 21:33:41 #5 type] 
Type Pedido is not enhanced.

[2026-01-14 21:33:41 #6 store] 
Database '/Users/enriquepinazomoreno/Documents/IGN_IFM_UGR-25_26/PrimerSemestre/DDSI/2-Seminarios/DDSI_EquipoA/P4/OODB/oodb.odb' is closed by 78552@MacBook-Air-de-Enrique.local

------------------------------------------------------------------------------------------------------------------------

[2026-01-14 21:33:42 #1 store] 
Database '/Users/enriquepinazomoreno/Documents/IGN_IFM_UGR-25_26/PrimerSemestre/DDSI/2-Seminarios/DDSI_EquipoA/P4/OODB/oodb.odb' is opened by 78983@MacBook-Air-de-Enrique.local

[2026-01-14 21:33:42 #2 store] 
Configuration path: ?

[2026-01-14 21:33:42 #3 type] 
Type Persona is not enhanced.

[2026-01-14 21:33:42 #4 type] 
Type Stock is not enhanced.

[2026-01-14 21:33:42 #5 type] 
Type Pedido is not enhanced.

[2026-01-14 21:33:42 #6 store] 
Database '/Users/enriquepinazomoreno/Documents/IGN_IFM_UGR-25_26/PrimerSemestre/DDSI/2-Seminarios/DDSI_EquipoA/P4/OODB/oodb.odb' is closed by 78983@MacBook-Air-de-Enrique.local

------------------------------------------------------------------------------------------------------------------------

[2026-01-14 21:33:43 #1 store] 
Database '/Users/enriquepinazomoreno/Documents/IGN_IFM_UGR-25_26/PrimerSemestre/DDSI/2-Seminarios/DDSI_EquipoA/P4/OODB/oodb.odb' is opened by 79414@MacBook-Air-de-Enrique.local

[2026-01-14 21:33:43 #2 store] 
Configuration path: ?

[2026-01-14 21:33:43 #3 type] 
Type Persona is not enhanced.

[2026-01-14 21:33:43 #4 type] 
Type Stock is not enhanced.

[2026-01-14 21:33:43 #5 type] 
Type Pedido is not enhanced.

[2026-01-14 21:33:43 #6 store] 
Database '/Users/enriquepinazomoreno/Documents/IGN_IFM_UGR-25_26/PrimerSemestre/DDSI/2-Seminarios/DDSI_EquipoA/P4/OODB/oodb.odb' is closed by 79414@MacBook-Air-de-Enrique.local

------------------------------------------------------------------------------------------------------------------------

[2026-01-14 21:33:43 #1 store] 
Database '/Users/enriquepinazomoreno/Documents/IGN_IFM_UGR-25_26/PrimerSemestre/DDSI/2-Seminarios/DDSI_EquipoA/P4/OODB/oodb.odb' is opened by 79845@MacBook-Air-de-Enrique.local

[2026-01-14 21:33:43 #2 store] 
Configuration path: ?

[2026-01-14 21:33:43 #3 type] 
Type Persona is not enhanced.

[2026-01-14 21:33:43 #4 type] 
Type Stock is not enhanced.

[2026-01-14 21:33:43 #5 type] 
Type Pedido is not enhanced.

[2026-01-14 21:33:43 #6 store] 
Database '/Users/enriquepinazomoreno/Documents/IGN_IFM_UGR-25_26/PrimerSemestre/DDSI/2-Seminarios/DDSI_EquipoA/P4/OODB/oodb.odb' is closed by 79845@MacBook-Air-de-Enrique.local

------------------------------------------------------------------------------------------------------------------------

[2026-01-14 21:33:44 #1 store] 
Database '/Users/enriquepinazomoreno/Documents/IGN_IFM_UGR-25_26/PrimerSemestre/DDSI/2-Seminarios/DDSI_EquipoA/P4/OODB/oodb.odb' is opened by 80276@MacBook-Air-de-Enrique.local

[2026-01-14 21:33:44 #2 store] 
Configuration path: ?

[2026-01-14 21:33:44 #3 type] 
Type Persona is not enhanced.

[2026-01-14 21:33:44 #4 type] 
Type Stock is not enhanced.

[2026-01-14 21:33:44 #5 type] 
Type Pedido is not enhanced.

[2026-01-14 21:33:44 #6 store] 
Database '/Users/enriquepinazomoreno/Documents/IGN_IFM_UGR-25_26/PrimerSemestre/DDSI/2-Seminarios/DDSI_EquipoA/P4/OODB/oodb.odb' is closed by 80276@MacBook-Air-de-Enrique.local

------------------------------------------------------------------------------------------------------------------------

[2026-01-14 21:33:45 #1 store] 
Database '/Users/enriquepinazomoreno/Documents/IGN_IFM_UGR-25_26/PrimerSemestre/DDSI/2-Seminarios/DDSI_EquipoA/P4/OODB/oodb.odb' is opened by 80708@MacBook-Air-de-Enrique.local

[2026-01-14 21:33:45 #2 store] 
Configuration path: ?

[2026-01-14 21:33:45 #3 type] 
Type Persona is not enhanced.

[2026-01-14 21:33:45 #4 type] 
Type Stock is not enhanced.

[2026-01-14 21:33:45 #5 type] 
Type Pedido is not enhanced.

[2026-01-14 21:33:45 #6 store] 
Database '/Users/enriquepinazomoreno/Documents/IGN_IFM_UGR-25_26/PrimerSemestre/DDSI/2-Seminarios/DDSI_EquipoA/P4/OODB/oodb.odb' is closed by 80708@MacBook-Air-de-Enrique.local

------------------------------------------------------------------------------------------------------------------------

[2026-01-14 21:33:46 #1 store] 
Database '/Users/enriquepinazomoreno/Documents/IGN_IFM_UGR-25_26/PrimerSemestre/DDSI/2-Seminarios/DDSI_EquipoA/P4/OODB/oodb.odb' is opened by 81139@MacBook-Air-de-Enrique.local

[2026-01-14 21:33:46 #2 store] 
Configuration path: ?

[2026-01-14 21:33:46 #3 type] 
Type Persona is not enhanced.

[2026-01-14 21:33:46 #4 type] 
Type Stock is not enhanced.

[2026-01-14 21:33:46 #5 type] 
Type Pedido is not enhanced.

[2026-01-14 21:33:46 #6 store] 
Database '/Users/enriquepinazomoreno/Documents/IGN_IFM_UGR-25_26/PrimerSemestre/DDSI/2-Seminarios/DDSI_EquipoA/P4/OODB/oodb.odb' is closed by 81139@MacBook-Air-de-Enrique.local

------------------------------------------------------------------------------------------------------------------------

[2026-01-14 21:33:46 #1 store] 
Database '/Users/enriquepinazomoreno/Documents/IGN_IFM_UGR-25_26/PrimerSemestre/DDSI/2-Seminarios/DDSI_EquipoA/P4/OODB/oodb.odb' is opened by 81570@MacBook-Air-de-Enrique.local

[2026-01-14 21:33:46 #2 store] 
Configuration path: ?

[2026-01-14 21:33:46 #3 type] 
Type Persona is not enhanced.

[2026-01-14 21:33:46 #4 type] 
Type Stock is not enhanced.

[2026-01-14 21:33:46 #5 type] 
Type Pedido is not enhanced.

[2026-01-14 21:33:46 #6 store] 
Database '/Users/enriquepinazomoreno/Documents/IGN_IFM_UGR-25_26/PrimerSemestre/DDSI/2-Seminarios/DDSI_EquipoA/P4/OODB/oodb.odb' is closed by 81570@MacBook-Air-de-Enrique.local

------------------------------------------------------------------------------------------------------------------------

[2026-01-14 21:36:35 #1 store] 
Database '/Users/enriquepinazomoreno/Documents/IGN_IFM_UGR-25_26/PrimerSemestre/DDSI/2-Seminarios/DDSI_EquipoA/P4/OODB/oodb.odb' is opened by 82695@MacBook-Air-de-Enrique.local

[2026-01-14 21:36:35 #2 store] 
Configuration path: ?

[2026-01-14 21:36:35 #3 type] 
Type Persona is not enhanced.

[2026-01-14 21:36:35 #4 type] 
Type Stock is not enhanced.

[2026-01-14 21:36:35 #5 type] 
Type Pedido is not enhanced.

[2026-01-14 21:36:35 #6 store] 
Database '/Users/enriquepinazomoreno/Documents/IGN_IFM_UGR-25_26/PrimerSemestre/DDSI/2-Seminarios/DDSI_EquipoA/P4/OODB/oodb.odb' is closed by 82695@MacBook-Air-de-Enrique.local

------------------------------------------------------------------------------------------------------------------------

[2026-01-14 21:36:45 #1 store] 
Database '/Users/enriquepinazomoreno/Documents/IGN_IFM_UGR-25_26/PrimerSemestre/DDSI/2-Seminarios/DDSI_EquipoA/P4/OODB/oodb.odb' is opened by 83280@MacBook-Air-de-Enrique.local

[2026-01-14 21:36:45 #2 store] 
Configuration path: ?

[2026-01-14 21:36:45 #3 type] 
Type Persona is not enhanced.

[2026-01-14 21:36:45 #4 type] 
Type Stock is not enhanced.

[2026-01-14 21:36:45 #5 type] 
Type Pedido is not enhanced.

[2026-01-14 21:36:45 #6 store] 
Database '/Users/enriquepinazomoreno/Documents/IGN_IFM_UGR-25_26/PrimerSemestre/DDSI/2-Seminarios/DDSI_EquipoA/P4/OODB/oodb.odb' is closed by 83280@MacBook-Air-de-Enrique.local

------------------------------------------------------------------------------------------------------------------------

[2026-01-14 21:37:04 #1 store] 
Database '/Users/enriquepinazomoreno/Documents/IGN_IFM_UGR-25_26/PrimerSemestre/DDSI/2-Seminarios/DDSI_EquipoA/P4/OODB/oodb.odb' is opened by 83727@MacBook-Air-de-Enrique.local

[2026-01-14 21:37:04 #2 store] 
Configuration path: ?

[2026-01-14 21:37:04 #3 type] 
Type Persona is not enhanced.

[2026-01-14 21:37:04 #4 type] 
Type Stock is not enhanced.

[2026-01-14 21:37:04 #5 type] 
Type Pedido is not enhanced.

[2026-01-14 21:37:04 #6 store] 
Database '/Users/enriquepinazomoreno/Documents/IGN_IFM_UGR-25_26/PrimerSemestre/DDSI/2-Seminarios/DDSI_EquipoA/P4/OODB/oodb.odb' is closed by 83727@MacBook-Air-de-Enrique.local

------------------------------------------------------------------------------------------------------------------------

[2026-01-14 21:37:16 #1 store] 
Database '/Users/enriquepinazomoreno/Documents/IGN_IFM_UGR-25_26/PrimerSemestre/DDSI/2-Seminarios/DDSI_EquipoA/P4/OODB/oodb.odb' is opened by 84168@MacBook-Air-de-Enrique.local

[2026-01-14 21:37:16 #2 store] 
Configuration path: ?

[2026-01-14 21:37:16 #3 type] 
Type Persona is not enhanced.

[2026-01-14 21:37:16 #4 type] 
Type Stock is not enhanced.

[2026-01-14 21:37:16 #5 type] 
Type Pedido is not enhanced.

[2026-01-14 21:37:17 #6 store] 
Database '/Users/enriquepinazomoreno/Documents/IGN_IFM_UGR-25_26/PrimerSemestre/DDSI/2-Seminarios/DDSI_EquipoA/P4/OODB/oodb.odb' is closed by 84168@MacBook-Air-de-Enrique.local

------------------------------------------------------------------------------------------------------------------------

[2026-01-14 21:37:46 #1 store] 
Database '/Users/enriquepinazomoreno/Documents/IGN_IFM_UGR-25_26/PrimerSemestre/DDSI/2-Seminarios/DDSI_EquipoA/P4/OODB/oodb.odb' is opened by 84615@MacBook-Air-de-Enrique.local

[2026-01-14 21:37:46 #2 store] 
Configuration path: ?

[2026-01-14 21:37:46 #3 type] 
Type Persona is not enhanced.

[2026-01-14 21:37:46 #4 type] 
Type Stock is not enhanced.

[2026-01-14 21:37:46 #5 type] 
Type Pedido is not enhanced.

[2026-01-14 21:37:46 #6 store] 
Database '/Users/enriquepinazomoreno/Documents/IGN_IFM_UGR-25_26/PrimerSemestre/DDSI/2-Seminarios/DDSI_EquipoA/P4/OODB/oodb.odb' is closed by 84615@MacBook-Air-de-Enrique.local

------------------------------------------------------------------------------------------------------------------------

[2026-01-14 21:38:03 #1 store] 
Database '/Users/enriquepinazomoreno/Documents/IGN_IFM_UGR-25_26/PrimerSemestre/DDSI/2-Seminarios/DDSI_EquipoA/P4/OODB/oodb.odb' is opened by 85055@MacBook-Air-de-Enrique.local

[2026-01-14 21:38:03 #2 store] 
Configuration path: ?

[2026-01-14 21:38:03 #3 type] 
Type Persona is not enhanced.

[2026-01-14 21:38:03 #4 type] 
Type Stock is not enhanced.

[2026-01-14 21:38:03 #5 type] 
Type Pedido is not enhanced.

[2026-01-14 21:38:03 #6 store] 
Database '/Users/enriquepinazomoreno/Documents/IGN_IFM_UGR-25_26/PrimerSemestre/DDSI/2-Seminarios/DDSI_EquipoA/P4/OODB/oodb.odb' is closed by 85055@MacBook-Air-de-Enrique.local

------------------------------------------------------------------------------------------------------------------------

[2026-01-14 21:38:08 #1 store] 
Database '/Users/enriquepinazomoreno/Documents/IGN_IFM_UGR-25_26/PrimerSemestre/DDSI/2-Seminarios/DDSI_EquipoA/P4/OODB/oodb.odb' is opened by 85491@MacBook-Air-de-Enrique.local

[2026-01-14 21:38:08 #2 store] 
Configuration path: ?

[2026-01-14 21:38:08 #3 type] 
Type Persona is not enhanced.

[2026-01-14 21:38:08 #4 type] 
Type Stock is not enhanced.

[2026-01-14 21:38:08 #5 type] 
Type Pedido is not enhanced.

[2026-01-14 21:38:08 #6 store] 
Database '/Users/enriquepinazomoreno/Documents/IGN_IFM_UGR-25_26/PrimerSemestre/DDSI/2-Seminarios/DDSI_EquipoA/P4/OODB/oodb.odb' is closed by 85491@MacBook-Air-de-Enrique.local

------------------------------------------------------------------------------------------------------------------------

[2026-01-14 21:51:52 #1 store] 
Database '/Users/enriquepinazomoreno/Documents/IGN_IFM_UGR-25_26/PrimerSemestre/DDSI/2-Seminarios/DDSI_EquipoA/P4/OODB/oodb.odb' is opened by 86789@MacBook-Air-de-Enrique.local

[2026-01-14 21:51:52 #2 store] 
Configuration path: ?

[2026-01-14 21:51:52 #3 type] 
Type Persona is not enhanced.

[2026-01-14 21:51:52 #4 type] 
Type Stock is not enhanced.

[2026-01-14 21:51:52 #5 type] 
Type Pedido is not enhanced.

[2026-01-14 21:51:52 #6 store] 
Database '/Users/enriquepinazomoreno/Documents/IGN_IFM_UGR-25_26/PrimerSemestre/DDSI/2-Seminarios/DDSI_EquipoA/P4/OODB/oodb.odb' is closed by 86789@MacBook-Air-de-Enrique.local

